<?xml version="1.0" encoding="UTF-8"?>
<coverage generated="1768885617877" clover="3.2.0">
  <project timestamp="1768885617877" name="All files">
    <metrics statements="128" coveredstatements="119" conditionals="60" coveredconditionals="46" methods="9" coveredmethods="8" elements="197" coveredelements="173" complexity="0" loc="128" ncloc="128" packages="2" files="2" classes="2"/>
    <package name="config">
      <metrics statements="1" coveredstatements="1" conditionals="0" coveredconditionals="0" methods="0" coveredmethods="0"/>
      <file name="sla-config.js" path="/Users/davitnovruzovi/Desktop/IncidentManagement-with-SAP-CAP/srv/config/sla-config.js">
        <metrics statements="1" coveredstatements="1" conditionals="0" coveredconditionals="0" methods="0" coveredmethods="0"/>
        <line num="1" count="1" type="stmt"/>
      </file>
    </package>
    <package name="incident-service.lib">
      <metrics statements="127" coveredstatements="118" conditionals="60" coveredconditionals="46" methods="9" coveredmethods="8"/>
      <file name="incident-logic.js" path="/Users/davitnovruzovi/Desktop/IncidentManagement-with-SAP-CAP/srv/incident-service/lib/incident-logic.js">
        <metrics statements="127" coveredstatements="118" conditionals="60" coveredconditionals="46" methods="9" coveredmethods="8"/>
        <line num="5" count="1" type="stmt"/>
        <line num="6" count="1" type="stmt"/>
        <line num="11" count="1" type="stmt"/>
        <line num="12" count="1" type="stmt"/>
        <line num="13" count="1" type="stmt"/>
        <line num="15" count="1" type="stmt"/>
        <line num="22" count="25" type="stmt"/>
        <line num="28" count="1" type="stmt"/>
        <line num="29" count="0" type="cond" truecount="0" falsecount="2"/>
        <line num="30" count="0" type="cond" truecount="0" falsecount="2"/>
        <line num="31" count="0" type="cond" truecount="0" falsecount="2"/>
        <line num="32" count="0" type="cond" truecount="0" falsecount="2"/>
        <line num="33" count="0" type="stmt"/>
        <line num="41" count="1" type="stmt"/>
        <line num="42" count="3" type="stmt"/>
        <line num="43" count="3" type="cond" truecount="2" falsecount="0"/>
        <line num="46" count="3" type="cond" truecount="2" falsecount="0"/>
        <line num="47" count="1" type="stmt"/>
        <line num="51" count="2" type="stmt"/>
        <line num="52" count="2" type="cond" truecount="2" falsecount="0"/>
        <line num="53" count="1" type="stmt"/>
        <line num="57" count="1" type="cond" truecount="1" falsecount="1"/>
        <line num="58" count="0" type="stmt"/>
        <line num="68" count="1" type="stmt"/>
        <line num="69" count="2" type="stmt"/>
        <line num="70" count="2" type="stmt"/>
        <line num="71" count="2" type="stmt"/>
        <line num="74" count="2" type="cond" truecount="2" falsecount="0"/>
        <line num="75" count="1" type="stmt"/>
        <line num="79" count="1" type="stmt"/>
        <line num="80" count="1" type="cond" truecount="1" falsecount="1"/>
        <line num="81" count="0" type="stmt"/>
        <line num="84" count="1" type="stmt"/>
        <line num="85" count="1" type="stmt"/>
        <line num="87" count="1" type="stmt"/>
        <line num="89" count="1" type="stmt"/>
        <line num="90" count="1" type="stmt"/>
        <line num="100" count="1" type="stmt"/>
        <line num="101" count="1" type="cond" truecount="1" falsecount="1"/>
        <line num="102" count="1" type="stmt"/>
        <line num="106" count="1" type="stmt"/>
        <line num="111" count="1" type="stmt"/>
        <line num="114" count="0" type="stmt"/>
        <line num="115" count="0" type="stmt"/>
        <line num="118" count="1" type="stmt"/>
        <line num="119" count="1" type="stmt"/>
        <line num="128" count="1" type="stmt"/>
        <line num="129" count="3" type="stmt"/>
        <line num="130" count="3" type="stmt"/>
        <line num="131" count="3" type="stmt"/>
        <line num="134" count="3" type="stmt"/>
        <line num="135" count="3" type="cond" truecount="2" falsecount="0"/>
        <line num="136" count="1" type="stmt"/>
        <line num="141" count="2" type="cond" truecount="2" falsecount="0"/>
        <line num="142" count="1" type="stmt"/>
        <line num="149" count="1" type="stmt"/>
        <line num="150" count="1" type="stmt"/>
        <line num="160" count="1" type="stmt"/>
        <line num="163" count="1" type="stmt"/>
        <line num="164" count="1" type="stmt"/>
        <line num="173" count="1" type="stmt"/>
        <line num="177" count="1" type="stmt"/>
        <line num="188" count="1" type="stmt"/>
        <line num="189" count="7" type="stmt"/>
        <line num="190" count="7" type="stmt"/>
        <line num="191" count="7" type="stmt"/>
        <line num="194" count="7" type="cond" truecount="2" falsecount="0"/>
        <line num="195" count="1" type="stmt"/>
        <line num="197" count="6" type="cond" truecount="2" falsecount="0"/>
        <line num="198" count="1" type="stmt"/>
        <line num="202" count="5" type="stmt"/>
        <line num="203" count="5" type="cond" truecount="2" falsecount="0"/>
        <line num="204" count="1" type="stmt"/>
        <line num="206" count="4" type="cond" truecount="2" falsecount="0"/>
        <line num="207" count="1" type="stmt"/>
        <line num="209" count="3" type="cond" truecount="2" falsecount="0"/>
        <line num="210" count="1" type="stmt"/>
        <line num="217" count="2" type="stmt"/>
        <line num="218" count="2" type="cond" truecount="2" falsecount="0"/>
        <line num="219" count="1" type="stmt"/>
        <line num="228" count="1" type="stmt"/>
        <line num="229" count="2" type="stmt"/>
        <line num="230" count="2" type="stmt"/>
        <line num="231" count="2" type="cond" truecount="1" falsecount="1"/>
        <line num="233" count="2" type="stmt"/>
        <line num="234" count="2" type="stmt"/>
        <line num="236" count="2" type="cond" truecount="2" falsecount="0"/>
        <line num="237" count="1" type="stmt"/>
        <line num="238" count="1" type="stmt"/>
        <line num="241" count="1" type="stmt"/>
        <line num="242" count="1" type="stmt"/>
        <line num="244" count="1" type="stmt"/>
        <line num="253" count="1" type="stmt"/>
        <line num="268" count="1" type="stmt"/>
        <line num="269" count="8" type="stmt"/>
        <line num="270" count="8" type="stmt"/>
        <line num="271" count="8" type="cond" truecount="1" falsecount="1"/>
        <line num="274" count="8" type="cond" truecount="2" falsecount="0"/>
        <line num="275" count="1" type="stmt"/>
        <line num="277" count="7" type="cond" truecount="2" falsecount="0"/>
        <line num="278" count="1" type="stmt"/>
        <line num="280" count="6" type="cond" truecount="2" falsecount="0"/>
        <line num="281" count="1" type="stmt"/>
        <line num="283" count="5" type="cond" truecount="2" falsecount="0"/>
        <line num="284" count="1" type="stmt"/>
        <line num="288" count="4" type="stmt"/>
        <line num="289" count="4" type="cond" truecount="2" falsecount="0"/>
        <line num="290" count="1" type="stmt"/>
        <line num="293" count="3" type="stmt"/>
        <line num="295" count="3" type="stmt"/>
        <line num="302" count="3" type="stmt"/>
        <line num="303" count="2" type="stmt"/>
        <line num="306" count="2" type="stmt"/>
        <line num="307" count="2" type="stmt"/>
        <line num="308" count="2" type="stmt"/>
        <line num="324" count="2" type="stmt"/>
        <line num="325" count="2" type="stmt"/>
        <line num="328" count="2" type="stmt"/>
        <line num="329" count="2" type="cond" truecount="2" falsecount="0"/>
        <line num="330" count="1" type="stmt"/>
        <line num="331" count="1" type="stmt"/>
        <line num="333" count="1" type="stmt"/>
        <line num="339" count="1" type="stmt"/>
        <line num="341" count="1" type="stmt"/>
        <line num="346" count="2" type="stmt"/>
        <line num="347" count="2" type="stmt"/>
        <line num="352" count="1" type="stmt"/>
      </file>
    </package>
  </project>
</coverage>
