{"C:\\Users\\DavitNovruzov\\Desktop\\IncidentManagement-with-SAP-CAP\\srv\\config\\sla-config.js": {"path":"C:\\Users\\DavitNovruzov\\Desktop\\IncidentManagement-with-SAP-CAP\\srv\\config\\sla-config.js","statementMap":{"0":{"start":{"line":1,"column":0},"end":{"line":17,"column":4}}},"fnMap":{},"branchMap":{},"s":{"0":2},"f":{},"b":{},"_coverageSchema":"1a1c01bbd47fc00a2c39e90264f33305004495a9","hash":"b4a1f9d5083ab8ae8078359140163c72c772ebd4"}
,"C:\\Users\\DavitNovruzov\\Desktop\\IncidentManagement-with-SAP-CAP\\srv\\incident-service\\incident-service.js": {"path":"C:\\Users\\DavitNovruzov\\Desktop\\IncidentManagement-with-SAP-CAP\\srv\\incident-service\\incident-service.js","statementMap":{"0":{"start":{"line":5,"column":12},"end":{"line":5,"column":31}},"1":{"start":{"line":8,"column":136},"end":{"line":8,"column":167}},"2":{"start":{"line":9,"column":28},"end":{"line":9,"column":49}},"3":{"start":{"line":16,"column":21},"end":{"line":16,"column":34}},"4":{"start":{"line":18,"column":4},"end":{"line":18,"column":71}},"5":{"start":{"line":18,"column":51},"end":{"line":18,"column":70}},"6":{"start":{"line":19,"column":4},"end":{"line":19,"column":84}},"7":{"start":{"line":19,"column":48},"end":{"line":19,"column":82}},"8":{"start":{"line":21,"column":4},"end":{"line":21,"column":81}},"9":{"start":{"line":21,"column":44},"end":{"line":21,"column":79}},"10":{"start":{"line":23,"column":4},"end":{"line":23,"column":83}},"11":{"start":{"line":23,"column":45},"end":{"line":23,"column":81}},"12":{"start":{"line":25,"column":4},"end":{"line":25,"column":91}},"13":{"start":{"line":25,"column":49},"end":{"line":25,"column":89}},"14":{"start":{"line":27,"column":4},"end":{"line":27,"column":83}},"15":{"start":{"line":27,"column":45},"end":{"line":27,"column":81}},"16":{"start":{"line":29,"column":4},"end":{"line":29,"column":95}},"17":{"start":{"line":29,"column":51},"end":{"line":29,"column":93}},"18":{"start":{"line":31,"column":4},"end":{"line":31,"column":75}},"19":{"start":{"line":31,"column":46},"end":{"line":31,"column":73}},"20":{"start":{"line":32,"column":4},"end":{"line":32,"column":24}},"21":{"start":{"line":38,"column":0},"end":{"line":38,"column":33}}},"fnMap":{"0":{"name":"(anonymous_0)","decl":{"start":{"line":15,"column":2},"end":{"line":15,"column":3}},"loc":{"start":{"line":15,"column":15},"end":{"line":33,"column":3}},"line":15},"1":{"name":"(anonymous_1)","decl":{"start":{"line":18,"column":37},"end":{"line":18,"column":38}},"loc":{"start":{"line":18,"column":51},"end":{"line":18,"column":70}},"line":18},"2":{"name":"(anonymous_2)","decl":{"start":{"line":19,"column":33},"end":{"line":19,"column":34}},"loc":{"start":{"line":19,"column":48},"end":{"line":19,"column":82}},"line":19},"3":{"name":"(anonymous_3)","decl":{"start":{"line":21,"column":29},"end":{"line":21,"column":30}},"loc":{"start":{"line":21,"column":44},"end":{"line":21,"column":79}},"line":21},"4":{"name":"(anonymous_4)","decl":{"start":{"line":23,"column":30},"end":{"line":23,"column":31}},"loc":{"start":{"line":23,"column":45},"end":{"line":23,"column":81}},"line":23},"5":{"name":"(anonymous_5)","decl":{"start":{"line":25,"column":34},"end":{"line":25,"column":35}},"loc":{"start":{"line":25,"column":49},"end":{"line":25,"column":89}},"line":25},"6":{"name":"(anonymous_6)","decl":{"start":{"line":27,"column":30},"end":{"line":27,"column":31}},"loc":{"start":{"line":27,"column":45},"end":{"line":27,"column":81}},"line":27},"7":{"name":"(anonymous_7)","decl":{"start":{"line":29,"column":36},"end":{"line":29,"column":37}},"loc":{"start":{"line":29,"column":51},"end":{"line":29,"column":93}},"line":29},"8":{"name":"(anonymous_8)","decl":{"start":{"line":31,"column":31},"end":{"line":31,"column":32}},"loc":{"start":{"line":31,"column":46},"end":{"line":31,"column":73}},"line":31}},"branchMap":{},"s":{"0":1,"1":1,"2":1,"3":1,"4":1,"5":0,"6":1,"7":3,"8":1,"9":2,"10":1,"11":3,"12":1,"13":0,"14":1,"15":0,"16":1,"17":5,"18":1,"19":0,"20":1,"21":1},"f":{"0":1,"1":0,"2":3,"3":2,"4":3,"5":0,"6":0,"7":5,"8":0},"b":{},"_coverageSchema":"1a1c01bbd47fc00a2c39e90264f33305004495a9","hash":"8d0c30972e417b845cb0dd3a83bde64a8ff3f485"}
,"C:\\Users\\DavitNovruzov\\Desktop\\IncidentManagement-with-SAP-CAP\\srv\\incident-service\\lib\\incident-logic.js": {"path":"C:\\Users\\DavitNovruzov\\Desktop\\IncidentManagement-with-SAP-CAP\\srv\\incident-service\\lib\\incident-logic.js","statementMap":{"0":{"start":{"line":5,"column":12},"end":{"line":5,"column":31}},"1":{"start":{"line":6,"column":12},"end":{"line":6,"column":39}},"2":{"start":{"line":11,"column":4},"end":{"line":11,"column":38}},"3":{"start":{"line":12,"column":30},"end":{"line":12,"column":65}},"4":{"start":{"line":13,"column":31},"end":{"line":13,"column":63}},"5":{"start":{"line":15,"column":19},"end":{"line":15,"column":56}},"6":{"start":{"line":22,"column":25},"end":{"line":22,"column":71}},"7":{"start":{"line":22,"column":39},"end":{"line":22,"column":71}},"8":{"start":{"line":28,"column":23},"end":{"line":34,"column":1}},"9":{"start":{"line":29,"column":41},"end":{"line":29,"column":65}},"10":{"start":{"line":30,"column":2},"end":{"line":30,"column":64}},"11":{"start":{"line":30,"column":13},"end":{"line":30,"column":64}},"12":{"start":{"line":31,"column":2},"end":{"line":31,"column":62}},"13":{"start":{"line":31,"column":19},"end":{"line":31,"column":62}},"14":{"start":{"line":32,"column":2},"end":{"line":32,"column":67}},"15":{"start":{"line":32,"column":14},"end":{"line":32,"column":67}},"16":{"start":{"line":33,"column":2},"end":{"line":33,"column":45}},"17":{"start":{"line":41,"column":22},"end":{"line":60,"column":1}},"18":{"start":{"line":42,"column":21},"end":{"line":42,"column":47}},"19":{"start":{"line":43,"column":21},"end":{"line":43,"column":65}},"20":{"start":{"line":46,"column":2},"end":{"line":48,"column":3}},"21":{"start":{"line":47,"column":4},"end":{"line":47,"column":70}},"22":{"start":{"line":51,"column":19},"end":{"line":51,"column":64}},"23":{"start":{"line":52,"column":2},"end":{"line":54,"column":3}},"24":{"start":{"line":53,"column":4},"end":{"line":53,"column":66}},"25":{"start":{"line":57,"column":2},"end":{"line":59,"column":3}},"26":{"start":{"line":58,"column":4},"end":{"line":58,"column":74}},"27":{"start":{"line":68,"column":23},"end":{"line":120,"column":1}},"28":{"start":{"line":69,"column":21},"end":{"line":69,"column":47}},"29":{"start":{"line":70,"column":22},"end":{"line":70,"column":49}},"30":{"start":{"line":71,"column":21},"end":{"line":71,"column":40}},"31":{"start":{"line":74,"column":2},"end":{"line":76,"column":3}},"32":{"start":{"line":75,"column":4},"end":{"line":75,"column":70}},"33":{"start":{"line":79,"column":19},"end":{"line":79,"column":62}},"34":{"start":{"line":80,"column":2},"end":{"line":82,"column":3}},"35":{"start":{"line":81,"column":4},"end":{"line":81,"column":66}},"36":{"start":{"line":84,"column":20},"end":{"line":84,"column":35}},"37":{"start":{"line":85,"column":21},"end":{"line":85,"column":31}},"38":{"start":{"line":87,"column":2},"end":{"line":116,"column":3}},"39":{"start":{"line":89,"column":4},"end":{"line":89,"column":59}},"40":{"start":{"line":90,"column":4},"end":{"line":97,"column":6}},"41":{"start":{"line":100,"column":22},"end":{"line":100,"column":40}},"42":{"start":{"line":101,"column":4},"end":{"line":112,"column":5}},"43":{"start":{"line":102,"column":24},"end":{"line":105,"column":7}},"44":{"start":{"line":106,"column":6},"end":{"line":110,"column":9}},"45":{"start":{"line":111,"column":6},"end":{"line":111,"column":74}},"46":{"start":{"line":114,"column":4},"end":{"line":114,"column":47}},"47":{"start":{"line":115,"column":4},"end":{"line":115,"column":62}},"48":{"start":{"line":118,"column":2},"end":{"line":118,"column":59}},"49":{"start":{"line":119,"column":2},"end":{"line":119,"column":46}},"50":{"start":{"line":128,"column":24},"end":{"line":181,"column":1}},"51":{"start":{"line":129,"column":21},"end":{"line":129,"column":47}},"52":{"start":{"line":130,"column":22},"end":{"line":130,"column":49}},"53":{"start":{"line":131,"column":25},"end":{"line":131,"column":33}},"54":{"start":{"line":134,"column":19},"end":{"line":134,"column":64}},"55":{"start":{"line":135,"column":2},"end":{"line":140,"column":3}},"56":{"start":{"line":136,"column":4},"end":{"line":139,"column":7}},"57":{"start":{"line":141,"column":2},"end":{"line":146,"column":3}},"58":{"start":{"line":142,"column":4},"end":{"line":145,"column":7}},"59":{"start":{"line":149,"column":14},"end":{"line":149,"column":24}},"60":{"start":{"line":150,"column":21},"end":{"line":157,"column":3}},"61":{"start":{"line":160,"column":2},"end":{"line":160,"column":58}},"62":{"start":{"line":163,"column":24},"end":{"line":163,"column":69}},"63":{"start":{"line":164,"column":2},"end":{"line":171,"column":4}},"64":{"start":{"line":173,"column":2},"end":{"line":176,"column":5}},"65":{"start":{"line":177,"column":2},"end":{"line":180,"column":4}},"66":{"start":{"line":188,"column":28},"end":{"line":221,"column":1}},"67":{"start":{"line":189,"column":21},"end":{"line":189,"column":47}},"68":{"start":{"line":190,"column":21},"end":{"line":190,"column":41}},"69":{"start":{"line":191,"column":17},"end":{"line":191,"column":33}},"70":{"start":{"line":194,"column":2},"end":{"line":196,"column":3}},"71":{"start":{"line":195,"column":4},"end":{"line":195,"column":70}},"72":{"start":{"line":197,"column":2},"end":{"line":199,"column":3}},"73":{"start":{"line":198,"column":4},"end":{"line":198,"column":66}},"74":{"start":{"line":202,"column":19},"end":{"line":202,"column":64}},"75":{"start":{"line":203,"column":2},"end":{"line":205,"column":3}},"76":{"start":{"line":204,"column":4},"end":{"line":204,"column":67}},"77":{"start":{"line":206,"column":2},"end":{"line":208,"column":3}},"78":{"start":{"line":207,"column":4},"end":{"line":207,"column":74}},"79":{"start":{"line":209,"column":2},"end":{"line":214,"column":3}},"80":{"start":{"line":210,"column":4},"end":{"line":213,"column":7}},"81":{"start":{"line":217,"column":15},"end":{"line":217,"column":52}},"82":{"start":{"line":218,"column":2},"end":{"line":220,"column":3}},"83":{"start":{"line":219,"column":4},"end":{"line":219,"column":63}},"84":{"start":{"line":228,"column":24},"end":{"line":260,"column":1}},"85":{"start":{"line":229,"column":21},"end":{"line":229,"column":47}},"86":{"start":{"line":230,"column":22},"end":{"line":230,"column":49}},"87":{"start":{"line":231,"column":33},"end":{"line":231,"column":47}},"88":{"start":{"line":233,"column":2},"end":{"line":259,"column":5}},"89":{"start":{"line":234,"column":21},"end":{"line":234,"column":75}},"90":{"start":{"line":236,"column":4},"end":{"line":239,"column":5}},"91":{"start":{"line":237,"column":6},"end":{"line":237,"column":72}},"92":{"start":{"line":238,"column":6},"end":{"line":238,"column":68}},"93":{"start":{"line":241,"column":24},"end":{"line":241,"column":50}},"94":{"start":{"line":242,"column":4},"end":{"line":242,"column":60}},"95":{"start":{"line":244,"column":4},"end":{"line":251,"column":6}},"96":{"start":{"line":253,"column":4},"end":{"line":258,"column":7}},"97":{"start":{"line":268,"column":30},"end":{"line":349,"column":1}},"98":{"start":{"line":269,"column":21},"end":{"line":269,"column":47}},"99":{"start":{"line":270,"column":22},"end":{"line":270,"column":49}},"100":{"start":{"line":271,"column":61},"end":{"line":271,"column":75}},"101":{"start":{"line":274,"column":2},"end":{"line":276,"column":3}},"102":{"start":{"line":275,"column":4},"end":{"line":275,"column":70}},"103":{"start":{"line":277,"column":2},"end":{"line":279,"column":3}},"104":{"start":{"line":278,"column":4},"end":{"line":278,"column":65}},"105":{"start":{"line":280,"column":2},"end":{"line":282,"column":3}},"106":{"start":{"line":281,"column":4},"end":{"line":281,"column":71}},"107":{"start":{"line":283,"column":2},"end":{"line":285,"column":3}},"108":{"start":{"line":284,"column":4},"end":{"line":284,"column":64}},"109":{"start":{"line":288,"column":25},"end":{"line":288,"column":68}},"110":{"start":{"line":289,"column":2},"end":{"line":291,"column":3}},"111":{"start":{"line":290,"column":4},"end":{"line":290,"column":73}},"112":{"start":{"line":293,"column":2},"end":{"line":348,"column":3}},"113":{"start":{"line":295,"column":24},"end":{"line":301,"column":5}},"114":{"start":{"line":302,"column":4},"end":{"line":302,"column":47}},"115":{"start":{"line":303,"column":4},"end":{"line":303,"column":68}},"116":{"start":{"line":306,"column":21},"end":{"line":306,"column":43}},"117":{"start":{"line":307,"column":24},"end":{"line":307,"column":52}},"118":{"start":{"line":308,"column":26},"end":{"line":322,"column":5}},"119":{"start":{"line":324,"column":4},"end":{"line":324,"column":51}},"120":{"start":{"line":325,"column":4},"end":{"line":325,"column":65}},"121":{"start":{"line":328,"column":27},"end":{"line":328,"column":72}},"122":{"start":{"line":329,"column":4},"end":{"line":332,"column":5}},"123":{"start":{"line":330,"column":6},"end":{"line":330,"column":73}},"124":{"start":{"line":331,"column":6},"end":{"line":331,"column":60}},"125":{"start":{"line":333,"column":4},"end":{"line":336,"column":7}},"126":{"start":{"line":339,"column":4},"end":{"line":339,"column":74}},"127":{"start":{"line":341,"column":4},"end":{"line":344,"column":6}},"128":{"start":{"line":346,"column":4},"end":{"line":346,"column":54}},"129":{"start":{"line":347,"column":4},"end":{"line":347,"column":62}},"130":{"start":{"line":352,"column":0},"end":{"line":362,"column":2}}},"fnMap":{"0":{"name":"(anonymous_0)","decl":{"start":{"line":22,"column":25},"end":{"line":22,"column":26}},"loc":{"start":{"line":22,"column":39},"end":{"line":22,"column":71}},"line":22},"1":{"name":"(anonymous_1)","decl":{"start":{"line":28,"column":23},"end":{"line":28,"column":24}},"loc":{"start":{"line":28,"column":32},"end":{"line":34,"column":1}},"line":28},"2":{"name":"(anonymous_2)","decl":{"start":{"line":41,"column":22},"end":{"line":41,"column":23}},"loc":{"start":{"line":41,"column":47},"end":{"line":60,"column":1}},"line":41},"3":{"name":"(anonymous_3)","decl":{"start":{"line":68,"column":23},"end":{"line":68,"column":24}},"loc":{"start":{"line":68,"column":48},"end":{"line":120,"column":1}},"line":68},"4":{"name":"(anonymous_4)","decl":{"start":{"line":128,"column":24},"end":{"line":128,"column":25}},"loc":{"start":{"line":128,"column":49},"end":{"line":181,"column":1}},"line":128},"5":{"name":"(anonymous_5)","decl":{"start":{"line":188,"column":28},"end":{"line":188,"column":29}},"loc":{"start":{"line":188,"column":53},"end":{"line":221,"column":1}},"line":188},"6":{"name":"(anonymous_6)","decl":{"start":{"line":228,"column":24},"end":{"line":228,"column":25}},"loc":{"start":{"line":228,"column":49},"end":{"line":260,"column":1}},"line":228},"7":{"name":"(anonymous_7)","decl":{"start":{"line":233,"column":21},"end":{"line":233,"column":22}},"loc":{"start":{"line":233,"column":35},"end":{"line":259,"column":3}},"line":233},"8":{"name":"(anonymous_8)","decl":{"start":{"line":268,"column":30},"end":{"line":268,"column":31}},"loc":{"start":{"line":268,"column":55},"end":{"line":349,"column":1}},"line":268}},"branchMap":{"0":{"loc":{"start":{"line":29,"column":41},"end":{"line":29,"column":65}},"type":"binary-expr","locations":[{"start":{"line":29,"column":41},"end":{"line":29,"column":59}},{"start":{"line":29,"column":63},"end":{"line":29,"column":65}}],"line":29},"1":{"loc":{"start":{"line":30,"column":2},"end":{"line":30,"column":64}},"type":"if","locations":[{"start":{"line":30,"column":2},"end":{"line":30,"column":64}},{"start":{},"end":{}}],"line":30},"2":{"loc":{"start":{"line":31,"column":2},"end":{"line":31,"column":62}},"type":"if","locations":[{"start":{"line":31,"column":2},"end":{"line":31,"column":62}},{"start":{},"end":{}}],"line":31},"3":{"loc":{"start":{"line":32,"column":2},"end":{"line":32,"column":67}},"type":"if","locations":[{"start":{"line":32,"column":2},"end":{"line":32,"column":67}},{"start":{},"end":{}}],"line":32},"4":{"loc":{"start":{"line":43,"column":21},"end":{"line":43,"column":65}},"type":"binary-expr","locations":[{"start":{"line":43,"column":21},"end":{"line":43,"column":41}},{"start":{"line":43,"column":45},"end":{"line":43,"column":65}}],"line":43},"5":{"loc":{"start":{"line":46,"column":2},"end":{"line":48,"column":3}},"type":"if","locations":[{"start":{"line":46,"column":2},"end":{"line":48,"column":3}},{"start":{},"end":{}}],"line":46},"6":{"loc":{"start":{"line":52,"column":2},"end":{"line":54,"column":3}},"type":"if","locations":[{"start":{"line":52,"column":2},"end":{"line":54,"column":3}},{"start":{},"end":{}}],"line":52},"7":{"loc":{"start":{"line":57,"column":2},"end":{"line":59,"column":3}},"type":"if","locations":[{"start":{"line":57,"column":2},"end":{"line":59,"column":3}},{"start":{},"end":{}}],"line":57},"8":{"loc":{"start":{"line":74,"column":2},"end":{"line":76,"column":3}},"type":"if","locations":[{"start":{"line":74,"column":2},"end":{"line":76,"column":3}},{"start":{},"end":{}}],"line":74},"9":{"loc":{"start":{"line":80,"column":2},"end":{"line":82,"column":3}},"type":"if","locations":[{"start":{"line":80,"column":2},"end":{"line":82,"column":3}},{"start":{},"end":{}}],"line":80},"10":{"loc":{"start":{"line":101,"column":4},"end":{"line":112,"column":5}},"type":"if","locations":[{"start":{"line":101,"column":4},"end":{"line":112,"column":5}},{"start":{},"end":{}}],"line":101},"11":{"loc":{"start":{"line":135,"column":2},"end":{"line":140,"column":3}},"type":"if","locations":[{"start":{"line":135,"column":2},"end":{"line":140,"column":3}},{"start":{},"end":{}}],"line":135},"12":{"loc":{"start":{"line":141,"column":2},"end":{"line":146,"column":3}},"type":"if","locations":[{"start":{"line":141,"column":2},"end":{"line":146,"column":3}},{"start":{},"end":{}}],"line":141},"13":{"loc":{"start":{"line":194,"column":2},"end":{"line":196,"column":3}},"type":"if","locations":[{"start":{"line":194,"column":2},"end":{"line":196,"column":3}},{"start":{},"end":{}}],"line":194},"14":{"loc":{"start":{"line":197,"column":2},"end":{"line":199,"column":3}},"type":"if","locations":[{"start":{"line":197,"column":2},"end":{"line":199,"column":3}},{"start":{},"end":{}}],"line":197},"15":{"loc":{"start":{"line":203,"column":2},"end":{"line":205,"column":3}},"type":"if","locations":[{"start":{"line":203,"column":2},"end":{"line":205,"column":3}},{"start":{},"end":{}}],"line":203},"16":{"loc":{"start":{"line":206,"column":2},"end":{"line":208,"column":3}},"type":"if","locations":[{"start":{"line":206,"column":2},"end":{"line":208,"column":3}},{"start":{},"end":{}}],"line":206},"17":{"loc":{"start":{"line":209,"column":2},"end":{"line":214,"column":3}},"type":"if","locations":[{"start":{"line":209,"column":2},"end":{"line":214,"column":3}},{"start":{},"end":{}}],"line":209},"18":{"loc":{"start":{"line":218,"column":2},"end":{"line":220,"column":3}},"type":"if","locations":[{"start":{"line":218,"column":2},"end":{"line":220,"column":3}},{"start":{},"end":{}}],"line":218},"19":{"loc":{"start":{"line":231,"column":33},"end":{"line":231,"column":47}},"type":"binary-expr","locations":[{"start":{"line":231,"column":33},"end":{"line":231,"column":41}},{"start":{"line":231,"column":45},"end":{"line":231,"column":47}}],"line":231},"20":{"loc":{"start":{"line":236,"column":4},"end":{"line":239,"column":5}},"type":"if","locations":[{"start":{"line":236,"column":4},"end":{"line":239,"column":5}},{"start":{},"end":{}}],"line":236},"21":{"loc":{"start":{"line":249,"column":6},"end":{"line":249,"column":23}},"type":"binary-expr","locations":[{"start":{"line":249,"column":6},"end":{"line":249,"column":17}},{"start":{"line":249,"column":21},"end":{"line":249,"column":23}}],"line":249},"22":{"loc":{"start":{"line":271,"column":61},"end":{"line":271,"column":75}},"type":"binary-expr","locations":[{"start":{"line":271,"column":61},"end":{"line":271,"column":69}},{"start":{"line":271,"column":73},"end":{"line":271,"column":75}}],"line":271},"23":{"loc":{"start":{"line":274,"column":2},"end":{"line":276,"column":3}},"type":"if","locations":[{"start":{"line":274,"column":2},"end":{"line":276,"column":3}},{"start":{},"end":{}}],"line":274},"24":{"loc":{"start":{"line":277,"column":2},"end":{"line":279,"column":3}},"type":"if","locations":[{"start":{"line":277,"column":2},"end":{"line":279,"column":3}},{"start":{},"end":{}}],"line":277},"25":{"loc":{"start":{"line":280,"column":2},"end":{"line":282,"column":3}},"type":"if","locations":[{"start":{"line":280,"column":2},"end":{"line":282,"column":3}},{"start":{},"end":{}}],"line":280},"26":{"loc":{"start":{"line":283,"column":2},"end":{"line":285,"column":3}},"type":"if","locations":[{"start":{"line":283,"column":2},"end":{"line":285,"column":3}},{"start":{},"end":{}}],"line":283},"27":{"loc":{"start":{"line":289,"column":2},"end":{"line":291,"column":3}},"type":"if","locations":[{"start":{"line":289,"column":2},"end":{"line":291,"column":3}},{"start":{},"end":{}}],"line":289},"28":{"loc":{"start":{"line":300,"column":19},"end":{"line":300,"column":35}},"type":"binary-expr","locations":[{"start":{"line":300,"column":19},"end":{"line":300,"column":27}},{"start":{"line":300,"column":31},"end":{"line":300,"column":35}}],"line":300},"29":{"loc":{"start":{"line":329,"column":4},"end":{"line":332,"column":5}},"type":"if","locations":[{"start":{"line":329,"column":4},"end":{"line":332,"column":5}},{"start":{},"end":{}}],"line":329}},"s":{"0":2,"1":2,"2":2,"3":2,"4":2,"5":2,"6":2,"7":38,"8":2,"9":0,"10":0,"11":0,"12":0,"13":0,"14":0,"15":0,"16":0,"17":2,"18":6,"19":6,"20":6,"21":2,"22":4,"23":4,"24":1,"25":3,"26":0,"27":2,"28":4,"29":4,"30":4,"31":4,"32":1,"33":3,"34":3,"35":0,"36":3,"37":3,"38":3,"39":3,"40":3,"41":3,"42":3,"43":3,"44":3,"45":3,"46":0,"47":0,"48":3,"49":3,"50":2,"51":6,"52":6,"53":6,"54":6,"55":6,"56":2,"57":4,"58":2,"59":2,"60":2,"61":2,"62":2,"63":2,"64":2,"65":2,"66":2,"67":7,"68":7,"69":7,"70":7,"71":1,"72":6,"73":1,"74":5,"75":5,"76":1,"77":4,"78":1,"79":3,"80":1,"81":2,"82":2,"83":1,"84":2,"85":2,"86":2,"87":2,"88":2,"89":2,"90":2,"91":1,"92":1,"93":1,"94":1,"95":1,"96":1,"97":2,"98":13,"99":13,"100":13,"101":13,"102":1,"103":12,"104":1,"105":11,"106":1,"107":10,"108":1,"109":9,"110":9,"111":4,"112":5,"113":5,"114":5,"115":4,"116":4,"117":4,"118":4,"119":4,"120":4,"121":4,"122":4,"123":1,"124":1,"125":3,"126":3,"127":3,"128":2,"129":2,"130":2},"f":{"0":38,"1":0,"2":6,"3":4,"4":6,"5":7,"6":2,"7":2,"8":13},"b":{"0":[0,0],"1":[0,0],"2":[0,0],"3":[0,0],"4":[6,2],"5":[2,4],"6":[1,3],"7":[0,3],"8":[1,3],"9":[0,3],"10":[3,0],"11":[2,4],"12":[2,2],"13":[1,6],"14":[1,5],"15":[1,4],"16":[1,3],"17":[1,2],"18":[1,1],"19":[2,0],"20":[1,1],"21":[1,1],"22":[13,0],"23":[1,12],"24":[1,11],"25":[1,10],"26":[1,9],"27":[4,5],"28":[5,2],"29":[1,3]},"_coverageSchema":"1a1c01bbd47fc00a2c39e90264f33305004495a9","hash":"9a7dee32429b03ecabb64ce0313a577c1a59a4b5"}
,"C:\\Users\\DavitNovruzov\\Desktop\\IncidentManagement-with-SAP-CAP\\srv\\incident-service\\lib\\incident-repository.js": {"path":"C:\\Users\\DavitNovruzov\\Desktop\\IncidentManagement-with-SAP-CAP\\srv\\incident-service\\lib\\incident-repository.js","statementMap":{"0":{"start":{"line":5,"column":12},"end":{"line":5,"column":31}},"1":{"start":{"line":9,"column":4},"end":{"line":9,"column":40}},"2":{"start":{"line":10,"column":4},"end":{"line":10,"column":62}},"3":{"start":{"line":11,"column":4},"end":{"line":11,"column":60}},"4":{"start":{"line":12,"column":4},"end":{"line":12,"column":48}},"5":{"start":{"line":13,"column":4},"end":{"line":13,"column":38}},"6":{"start":{"line":26,"column":4},"end":{"line":28,"column":6}},"7":{"start":{"line":37,"column":4},"end":{"line":39,"column":6}},"8":{"start":{"line":48,"column":4},"end":{"line":50,"column":6}},"9":{"start":{"line":60,"column":4},"end":{"line":62,"column":6}},"10":{"start":{"line":75,"column":4},"end":{"line":77,"column":6}},"11":{"start":{"line":86,"column":4},"end":{"line":88,"column":6}},"12":{"start":{"line":97,"column":4},"end":{"line":99,"column":6}},"13":{"start":{"line":113,"column":4},"end":{"line":117,"column":6}},"14":{"start":{"line":127,"column":4},"end":{"line":131,"column":6}},"15":{"start":{"line":142,"column":4},"end":{"line":146,"column":6}},"16":{"start":{"line":150,"column":0},"end":{"line":150,"column":40}}},"fnMap":{"0":{"name":"(anonymous_0)","decl":{"start":{"line":8,"column":2},"end":{"line":8,"column":3}},"loc":{"start":{"line":8,"column":24},"end":{"line":14,"column":3}},"line":8},"1":{"name":"(anonymous_1)","decl":{"start":{"line":25,"column":2},"end":{"line":25,"column":3}},"loc":{"start":{"line":25,"column":37},"end":{"line":29,"column":3}},"line":25},"2":{"name":"(anonymous_2)","decl":{"start":{"line":36,"column":2},"end":{"line":36,"column":3}},"loc":{"start":{"line":36,"column":33},"end":{"line":40,"column":3}},"line":36},"3":{"name":"(anonymous_3)","decl":{"start":{"line":47,"column":2},"end":{"line":47,"column":3}},"loc":{"start":{"line":47,"column":29},"end":{"line":51,"column":3}},"line":47},"4":{"name":"(anonymous_4)","decl":{"start":{"line":59,"column":2},"end":{"line":59,"column":3}},"loc":{"start":{"line":59,"column":46},"end":{"line":63,"column":3}},"line":59},"5":{"name":"(anonymous_5)","decl":{"start":{"line":74,"column":2},"end":{"line":74,"column":3}},"loc":{"start":{"line":74,"column":27},"end":{"line":78,"column":3}},"line":74},"6":{"name":"(anonymous_6)","decl":{"start":{"line":85,"column":2},"end":{"line":85,"column":3}},"loc":{"start":{"line":85,"column":29},"end":{"line":89,"column":3}},"line":85},"7":{"name":"(anonymous_7)","decl":{"start":{"line":96,"column":2},"end":{"line":96,"column":3}},"loc":{"start":{"line":96,"column":32},"end":{"line":100,"column":3}},"line":96},"8":{"name":"(anonymous_8)","decl":{"start":{"line":112,"column":2},"end":{"line":112,"column":3}},"loc":{"start":{"line":112,"column":46},"end":{"line":118,"column":3}},"line":112},"9":{"name":"(anonymous_9)","decl":{"start":{"line":126,"column":2},"end":{"line":126,"column":3}},"loc":{"start":{"line":126,"column":41},"end":{"line":132,"column":3}},"line":126},"10":{"name":"(anonymous_10)","decl":{"start":{"line":141,"column":2},"end":{"line":141,"column":3}},"loc":{"start":{"line":141,"column":47},"end":{"line":147,"column":3}},"line":141}},"branchMap":{},"s":{"0":1,"1":13,"2":13,"3":13,"4":13,"5":13,"6":8,"7":7,"8":0,"9":0,"10":2,"11":2,"12":2,"13":2,"14":1,"15":0,"16":1},"f":{"0":13,"1":8,"2":7,"3":0,"4":0,"5":2,"6":2,"7":2,"8":2,"9":1,"10":0},"b":{},"_coverageSchema":"1a1c01bbd47fc00a2c39e90264f33305004495a9","hash":"6d7ec387ba7690c3add23ca799e05ae095d315df"}
,"C:\\Users\\DavitNovruzov\\Desktop\\IncidentManagement-with-SAP-CAP\\srv\\incident-service\\lib\\jobs.js": {"path":"C:\\Users\\DavitNovruzov\\Desktop\\IncidentManagement-with-SAP-CAP\\srv\\incident-service\\lib\\jobs.js","statementMap":{"0":{"start":{"line":5,"column":12},"end":{"line":5,"column":31}},"1":{"start":{"line":6,"column":12},"end":{"line":6,"column":39}},"2":{"start":{"line":8,"column":17},"end":{"line":12,"column":1}},"3":{"start":{"line":19,"column":28},"end":{"line":21,"column":3}},"4":{"start":{"line":20,"column":4},"end":{"line":20,"column":32}},"5":{"start":{"line":30,"column":4},"end":{"line":30,"column":40}},"6":{"start":{"line":33,"column":6},"end":{"line":41,"column":7}},"7":{"start":{"line":34,"column":8},"end":{"line":38,"column":11}},"8":{"start":{"line":35,"column":31},"end":{"line":35,"column":63}},"9":{"start":{"line":36,"column":10},"end":{"line":36,"column":37}},"10":{"start":{"line":37,"column":10},"end":{"line":37,"column":63}},"11":{"start":{"line":40,"column":8},"end":{"line":40,"column":47}},"12":{"start":{"line":42,"column":6},"end":{"line":42,"column":40}},"13":{"start":{"line":54,"column":26},"end":{"line":54,"column":37}},"14":{"start":{"line":56,"column":25},"end":{"line":60,"column":5}},"15":{"start":{"line":62,"column":4},"end":{"line":62,"column":69}},"16":{"start":{"line":63,"column":4},"end":{"line":63,"column":24}},"17":{"start":{"line":71,"column":26},"end":{"line":71,"column":37}},"18":{"start":{"line":72,"column":16},"end":{"line":72,"column":26}},"19":{"start":{"line":74,"column":26},"end":{"line":78,"column":5}},"20":{"start":{"line":80,"column":4},"end":{"line":112,"column":5}},"21":{"start":{"line":81,"column":24},"end":{"line":81,"column":49}},"22":{"start":{"line":83,"column":6},"end":{"line":90,"column":7}},"23":{"start":{"line":84,"column":8},"end":{"line":88,"column":10}},"24":{"start":{"line":89,"column":8},"end":{"line":89,"column":104}},"25":{"start":{"line":92,"column":6},"end":{"line":99,"column":7}},"26":{"start":{"line":93,"column":8},"end":{"line":97,"column":10}},"27":{"start":{"line":98,"column":8},"end":{"line":98,"column":74}},"28":{"start":{"line":101,"column":30},"end":{"line":101,"column":65}},"29":{"start":{"line":102,"column":6},"end":{"line":111,"column":7}},"30":{"start":{"line":103,"column":28},"end":{"line":103,"column":57}},"31":{"start":{"line":104,"column":8},"end":{"line":106,"column":10}},"32":{"start":{"line":107,"column":8},"end":{"line":110,"column":11}},"33":{"start":{"line":114,"column":4},"end":{"line":114,"column":81}},"34":{"start":{"line":122,"column":22},"end":{"line":122,"column":32}},"35":{"start":{"line":123,"column":24},"end":{"line":123,"column":57}},"36":{"start":{"line":124,"column":24},"end":{"line":124,"column":61}},"37":{"start":{"line":126,"column":2},"end":{"line":132,"column":3}},"38":{"start":{"line":127,"column":4},"end":{"line":127,"column":22}},"39":{"start":{"line":128,"column":9},"end":{"line":132,"column":3}},"40":{"start":{"line":129,"column":4},"end":{"line":129,"column":20}},"41":{"start":{"line":131,"column":4},"end":{"line":131,"column":21}}},"fnMap":{"0":{"name":"(anonymous_0)","decl":{"start":{"line":19,"column":28},"end":{"line":19,"column":29}},"loc":{"start":{"line":19,"column":44},"end":{"line":21,"column":3}},"line":19},"1":{"name":"runScheduledJob","decl":{"start":{"line":29,"column":17},"end":{"line":29,"column":32}},"loc":{"start":{"line":29,"column":38},"end":{"line":43,"column":5}},"line":29},"2":{"name":"(anonymous_2)","decl":{"start":{"line":34,"column":47},"end":{"line":34,"column":48}},"loc":{"start":{"line":34,"column":61},"end":{"line":38,"column":9}},"line":34},"3":{"name":"cleanupClosedIncidents","decl":{"start":{"line":53,"column":17},"end":{"line":53,"column":39}},"loc":{"start":{"line":53,"column":44},"end":{"line":64,"column":3}},"line":53},"4":{"name":"setSLAProperties","decl":{"start":{"line":70,"column":17},"end":{"line":70,"column":33}},"loc":{"start":{"line":70,"column":38},"end":{"line":115,"column":3}},"line":70},"5":{"name":"UpdateSlaStatus","decl":{"start":{"line":121,"column":17},"end":{"line":121,"column":32}},"loc":{"start":{"line":121,"column":43},"end":{"line":133,"column":1}},"line":121}},"branchMap":{"0":{"loc":{"start":{"line":83,"column":6},"end":{"line":90,"column":7}},"type":"if","locations":[{"start":{"line":83,"column":6},"end":{"line":90,"column":7}},{"start":{},"end":{}}],"line":83},"1":{"loc":{"start":{"line":92,"column":6},"end":{"line":99,"column":7}},"type":"if","locations":[{"start":{"line":92,"column":6},"end":{"line":99,"column":7}},{"start":{},"end":{}}],"line":92},"2":{"loc":{"start":{"line":92,"column":10},"end":{"line":92,"column":61}},"type":"binary-expr","locations":[{"start":{"line":92,"column":10},"end":{"line":92,"column":34}},{"start":{"line":92,"column":38},"end":{"line":92,"column":61}}],"line":92},"3":{"loc":{"start":{"line":102,"column":6},"end":{"line":111,"column":7}},"type":"if","locations":[{"start":{"line":102,"column":6},"end":{"line":111,"column":7}},{"start":{},"end":{}}],"line":102},"4":{"loc":{"start":{"line":102,"column":10},"end":{"line":102,"column":98}},"type":"binary-expr","locations":[{"start":{"line":102,"column":10},"end":{"line":102,"column":32}},{"start":{"line":102,"column":36},"end":{"line":102,"column":74}},{"start":{"line":102,"column":78},"end":{"line":102,"column":98}}],"line":102},"5":{"loc":{"start":{"line":126,"column":2},"end":{"line":132,"column":3}},"type":"if","locations":[{"start":{"line":126,"column":2},"end":{"line":132,"column":3}},{"start":{"line":128,"column":9},"end":{"line":132,"column":3}}],"line":126},"6":{"loc":{"start":{"line":128,"column":9},"end":{"line":132,"column":3}},"type":"if","locations":[{"start":{"line":128,"column":9},"end":{"line":132,"column":3}},{"start":{"line":130,"column":9},"end":{"line":132,"column":3}}],"line":128}},"s":{"0":1,"1":1,"2":1,"3":1,"4":0,"5":0,"6":0,"7":0,"8":0,"9":0,"10":0,"11":0,"12":0,"13":0,"14":0,"15":0,"16":0,"17":0,"18":0,"19":0,"20":0,"21":0,"22":0,"23":0,"24":0,"25":0,"26":0,"27":0,"28":0,"29":0,"30":0,"31":0,"32":0,"33":0,"34":0,"35":0,"36":0,"37":0,"38":0,"39":0,"40":0,"41":0},"f":{"0":0,"1":0,"2":0,"3":0,"4":0,"5":0},"b":{"0":[0,0],"1":[0,0],"2":[0,0],"3":[0,0],"4":[0,0,0],"5":[0,0],"6":[0,0]},"_coverageSchema":"1a1c01bbd47fc00a2c39e90264f33305004495a9","hash":"9c43429ff0f3ad0c6ad3de43ccd582e3946bfcb5"}
,"C:\\Users\\DavitNovruzov\\Desktop\\IncidentManagement-with-SAP-CAP\\srv\\report-service\\report-service.js": {"path":"C:\\Users\\DavitNovruzov\\Desktop\\IncidentManagement-with-SAP-CAP\\srv\\report-service\\report-service.js","statementMap":{"0":{"start":{"line":4,"column":12},"end":{"line":4,"column":31}},"1":{"start":{"line":5,"column":12},"end":{"line":5,"column":37}},"2":{"start":{"line":7,"column":72},"end":{"line":7,"column":101}},"3":{"start":{"line":12,"column":21},"end":{"line":12,"column":34}},"4":{"start":{"line":14,"column":4},"end":{"line":14,"column":80}},"5":{"start":{"line":14,"column":44},"end":{"line":14,"column":78}},"6":{"start":{"line":15,"column":4},"end":{"line":15,"column":100}},"7":{"start":{"line":15,"column":54},"end":{"line":15,"column":98}},"8":{"start":{"line":16,"column":4},"end":{"line":16,"column":92}},"9":{"start":{"line":16,"column":50},"end":{"line":16,"column":90}},"10":{"start":{"line":18,"column":4},"end":{"line":18,"column":24}},"11":{"start":{"line":22,"column":0},"end":{"line":22,"column":31}}},"fnMap":{"0":{"name":"(anonymous_0)","decl":{"start":{"line":11,"column":2},"end":{"line":11,"column":3}},"loc":{"start":{"line":11,"column":15},"end":{"line":19,"column":3}},"line":11},"1":{"name":"(anonymous_1)","decl":{"start":{"line":14,"column":29},"end":{"line":14,"column":30}},"loc":{"start":{"line":14,"column":44},"end":{"line":14,"column":78}},"line":14},"2":{"name":"(anonymous_2)","decl":{"start":{"line":15,"column":39},"end":{"line":15,"column":40}},"loc":{"start":{"line":15,"column":54},"end":{"line":15,"column":98}},"line":15},"3":{"name":"(anonymous_3)","decl":{"start":{"line":16,"column":35},"end":{"line":16,"column":36}},"loc":{"start":{"line":16,"column":50},"end":{"line":16,"column":90}},"line":16}},"branchMap":{},"s":{"0":1,"1":1,"2":1,"3":1,"4":1,"5":0,"6":1,"7":0,"8":1,"9":0,"10":1,"11":1},"f":{"0":1,"1":0,"2":0,"3":0},"b":{},"_coverageSchema":"1a1c01bbd47fc00a2c39e90264f33305004495a9","hash":"ab3ba634ebd068da22c02ebff9061c4dbf268eb4"}
,"C:\\Users\\DavitNovruzov\\Desktop\\IncidentManagement-with-SAP-CAP\\srv\\report-service\\lib\\report-logic.js": {"path":"C:\\Users\\DavitNovruzov\\Desktop\\IncidentManagement-with-SAP-CAP\\srv\\report-service\\lib\\report-logic.js","statementMap":{"0":{"start":{"line":4,"column":12},"end":{"line":4,"column":31}},"1":{"start":{"line":5,"column":12},"end":{"line":5,"column":37}},"2":{"start":{"line":6,"column":30},"end":{"line":6,"column":65}},"3":{"start":{"line":7,"column":25},"end":{"line":7,"column":55}},"4":{"start":{"line":15,"column":22},"end":{"line":39,"column":1}},"5":{"start":{"line":16,"column":27},"end":{"line":16,"column":57}},"6":{"start":{"line":17,"column":22},"end":{"line":17,"column":49}},"7":{"start":{"line":19,"column":25},"end":{"line":19,"column":64}},"8":{"start":{"line":20,"column":24},"end":{"line":20,"column":62}},"9":{"start":{"line":21,"column":26},"end":{"line":21,"column":66}},"10":{"start":{"line":22,"column":23},"end":{"line":22,"column":72}},"11":{"start":{"line":24,"column":2},"end":{"line":24,"column":64}},"12":{"start":{"line":26,"column":2},"end":{"line":31,"column":5}},"13":{"start":{"line":33,"column":2},"end":{"line":38,"column":4}},"14":{"start":{"line":46,"column":32},"end":{"line":60,"column":1}},"15":{"start":{"line":47,"column":27},"end":{"line":47,"column":57}},"16":{"start":{"line":48,"column":22},"end":{"line":48,"column":49}},"17":{"start":{"line":50,"column":17},"end":{"line":50,"column":65}},"18":{"start":{"line":52,"column":2},"end":{"line":52,"column":74}},"19":{"start":{"line":54,"column":2},"end":{"line":57,"column":5}},"20":{"start":{"line":59,"column":2},"end":{"line":59,"column":16}},"21":{"start":{"line":67,"column":28},"end":{"line":81,"column":1}},"22":{"start":{"line":68,"column":27},"end":{"line":68,"column":57}},"23":{"start":{"line":69,"column":22},"end":{"line":69,"column":49}},"24":{"start":{"line":71,"column":17},"end":{"line":71,"column":61}},"25":{"start":{"line":73,"column":2},"end":{"line":73,"column":64}},"26":{"start":{"line":75,"column":2},"end":{"line":78,"column":5}},"27":{"start":{"line":80,"column":2},"end":{"line":80,"column":16}},"28":{"start":{"line":83,"column":0},"end":{"line":87,"column":2}}},"fnMap":{"0":{"name":"(anonymous_0)","decl":{"start":{"line":15,"column":22},"end":{"line":15,"column":23}},"loc":{"start":{"line":15,"column":47},"end":{"line":39,"column":1}},"line":15},"1":{"name":"(anonymous_1)","decl":{"start":{"line":46,"column":32},"end":{"line":46,"column":33}},"loc":{"start":{"line":46,"column":57},"end":{"line":60,"column":1}},"line":46},"2":{"name":"(anonymous_2)","decl":{"start":{"line":67,"column":28},"end":{"line":67,"column":29}},"loc":{"start":{"line":67,"column":53},"end":{"line":81,"column":1}},"line":67}},"branchMap":{},"s":{"0":1,"1":1,"2":1,"3":1,"4":1,"5":0,"6":0,"7":0,"8":0,"9":0,"10":0,"11":0,"12":0,"13":0,"14":1,"15":0,"16":0,"17":0,"18":0,"19":0,"20":0,"21":1,"22":0,"23":0,"24":0,"25":0,"26":0,"27":0,"28":1},"f":{"0":0,"1":0,"2":0},"b":{},"_coverageSchema":"1a1c01bbd47fc00a2c39e90264f33305004495a9","hash":"123c811ebaec79c5b95d7c82172fbc0bb26f4868"}
,"C:\\Users\\DavitNovruzov\\Desktop\\IncidentManagement-with-SAP-CAP\\srv\\report-service\\lib\\report-repository.js": {"path":"C:\\Users\\DavitNovruzov\\Desktop\\IncidentManagement-with-SAP-CAP\\srv\\report-service\\lib\\report-repository.js","statementMap":{"0":{"start":{"line":1,"column":12},"end":{"line":1,"column":31}},"1":{"start":{"line":5,"column":4},"end":{"line":5,"column":40}},"2":{"start":{"line":6,"column":4},"end":{"line":6,"column":60}},"3":{"start":{"line":10,"column":19},"end":{"line":14,"column":5}},"4":{"start":{"line":15,"column":4},"end":{"line":15,"column":27}},"5":{"start":{"line":18,"column":19},"end":{"line":22,"column":5}},"6":{"start":{"line":23,"column":4},"end":{"line":23,"column":27}},"7":{"start":{"line":26,"column":19},"end":{"line":30,"column":5}},"8":{"start":{"line":31,"column":4},"end":{"line":31,"column":27}},"9":{"start":{"line":34,"column":19},"end":{"line":42,"column":5}},"10":{"start":{"line":43,"column":4},"end":{"line":43,"column":18}},"11":{"start":{"line":46,"column":19},"end":{"line":54,"column":5}},"12":{"start":{"line":55,"column":4},"end":{"line":55,"column":18}},"13":{"start":{"line":58,"column":0},"end":{"line":58,"column":34}}},"fnMap":{"0":{"name":"(anonymous_0)","decl":{"start":{"line":4,"column":2},"end":{"line":4,"column":3}},"loc":{"start":{"line":4,"column":24},"end":{"line":7,"column":3}},"line":4},"1":{"name":"(anonymous_1)","decl":{"start":{"line":9,"column":2},"end":{"line":9,"column":3}},"loc":{"start":{"line":9,"column":25},"end":{"line":16,"column":3}},"line":9},"2":{"name":"(anonymous_2)","decl":{"start":{"line":17,"column":2},"end":{"line":17,"column":3}},"loc":{"start":{"line":17,"column":24},"end":{"line":24,"column":3}},"line":17},"3":{"name":"(anonymous_3)","decl":{"start":{"line":25,"column":2},"end":{"line":25,"column":3}},"loc":{"start":{"line":25,"column":26},"end":{"line":32,"column":3}},"line":25},"4":{"name":"(anonymous_4)","decl":{"start":{"line":33,"column":2},"end":{"line":33,"column":3}},"loc":{"start":{"line":33,"column":34},"end":{"line":44,"column":3}},"line":33},"5":{"name":"(anonymous_5)","decl":{"start":{"line":45,"column":2},"end":{"line":45,"column":3}},"loc":{"start":{"line":45,"column":30},"end":{"line":56,"column":3}},"line":45}},"branchMap":{},"s":{"0":1,"1":0,"2":0,"3":0,"4":0,"5":0,"6":0,"7":0,"8":0,"9":0,"10":0,"11":0,"12":0,"13":1},"f":{"0":0,"1":0,"2":0,"3":0,"4":0,"5":0},"b":{},"_coverageSchema":"1a1c01bbd47fc00a2c39e90264f33305004495a9","hash":"633da6f0d99a38b0ef14e8ec3b38755082b40448"}
,"C:\\Users\\DavitNovruzov\\Desktop\\IncidentManagement-with-SAP-CAP\\srv\\utils\\audit-logger.js": {"path":"C:\\Users\\DavitNovruzov\\Desktop\\IncidentManagement-with-SAP-CAP\\srv\\utils\\audit-logger.js","statementMap":{"0":{"start":{"line":4,"column":12},"end":{"line":4,"column":31}},"1":{"start":{"line":5,"column":12},"end":{"line":5,"column":36}},"2":{"start":{"line":12,"column":26},"end":{"line":42,"column":1}},"3":{"start":{"line":13,"column":2},"end":{"line":41,"column":4}},"4":{"start":{"line":21,"column":25},"end":{"line":21,"column":33}},"5":{"start":{"line":23,"column":4},"end":{"line":26,"column":5}},"6":{"start":{"line":24,"column":6},"end":{"line":24,"column":48}},"7":{"start":{"line":25,"column":6},"end":{"line":25,"column":13}},"8":{"start":{"line":28,"column":4},"end":{"line":35,"column":7}},"9":{"start":{"line":37,"column":4},"end":{"line":40,"column":7}},"10":{"start":{"line":44,"column":0},"end":{"line":44,"column":39}}},"fnMap":{"0":{"name":"(anonymous_0)","decl":{"start":{"line":12,"column":26},"end":{"line":12,"column":27}},"loc":{"start":{"line":12,"column":40},"end":{"line":42,"column":1}},"line":12},"1":{"name":"(anonymous_1)","decl":{"start":{"line":13,"column":9},"end":{"line":13,"column":10}},"loc":{"start":{"line":20,"column":7},"end":{"line":41,"column":3}},"line":20}},"branchMap":{"0":{"loc":{"start":{"line":23,"column":4},"end":{"line":26,"column":5}},"type":"if","locations":[{"start":{"line":23,"column":4},"end":{"line":26,"column":5}},{"start":{},"end":{}}],"line":23},"1":{"loc":{"start":{"line":29,"column":18},"end":{"line":29,"column":36}},"type":"binary-expr","locations":[{"start":{"line":29,"column":18},"end":{"line":29,"column":28}},{"start":{"line":29,"column":32},"end":{"line":29,"column":36}}],"line":29},"2":{"loc":{"start":{"line":30,"column":17},"end":{"line":30,"column":34}},"type":"binary-expr","locations":[{"start":{"line":30,"column":17},"end":{"line":30,"column":26}},{"start":{"line":30,"column":30},"end":{"line":30,"column":34}}],"line":30},"3":{"loc":{"start":{"line":31,"column":14},"end":{"line":31,"column":28}},"type":"binary-expr","locations":[{"start":{"line":31,"column":14},"end":{"line":31,"column":20}},{"start":{"line":31,"column":24},"end":{"line":31,"column":28}}],"line":31},"4":{"loc":{"start":{"line":32,"column":20},"end":{"line":32,"column":40}},"type":"binary-expr","locations":[{"start":{"line":32,"column":20},"end":{"line":32,"column":32}},{"start":{"line":32,"column":36},"end":{"line":32,"column":40}}],"line":32},"5":{"loc":{"start":{"line":33,"column":16},"end":{"line":33,"column":32}},"type":"binary-expr","locations":[{"start":{"line":33,"column":16},"end":{"line":33,"column":24}},{"start":{"line":33,"column":28},"end":{"line":33,"column":32}}],"line":33},"6":{"loc":{"start":{"line":34,"column":16},"end":{"line":34,"column":32}},"type":"binary-expr","locations":[{"start":{"line":34,"column":16},"end":{"line":34,"column":24}},{"start":{"line":34,"column":28},"end":{"line":34,"column":32}}],"line":34}},"s":{"0":1,"1":1,"2":1,"3":10,"4":5,"5":5,"6":0,"7":0,"8":5,"9":5,"10":1},"f":{"0":10,"1":5},"b":{"0":[0,5],"1":[5,0],"2":[5,0],"3":[5,0],"4":[5,2],"5":[5,4],"6":[5,2]},"_coverageSchema":"1a1c01bbd47fc00a2c39e90264f33305004495a9","hash":"4bd230f69fa40ec7792af93e61189cffde72daf9"}
}
