{"/Users/davitnovruzovi/Desktop/IncidentManagement-with-SAP-CAP/srv/config/sla-config.js": {"path":"/Users/davitnovruzovi/Desktop/IncidentManagement-with-SAP-CAP/srv/config/sla-config.js","statementMap":{"0":{"start":{"line":1,"column":0},"end":{"line":17,"column":4}}},"fnMap":{},"branchMap":{},"s":{"0":1},"f":{},"b":{},"_coverageSchema":"1a1c01bbd47fc00a2c39e90264f33305004495a9","hash":"a02ffe78d67cd1dd3846252beb6985487a78a02c"}
,"/Users/davitnovruzovi/Desktop/IncidentManagement-with-SAP-CAP/srv/incident-service/lib/incident-logic.js": {"path":"/Users/davitnovruzovi/Desktop/IncidentManagement-with-SAP-CAP/srv/incident-service/lib/incident-logic.js","statementMap":{"0":{"start":{"line":5,"column":12},"end":{"line":5,"column":31}},"1":{"start":{"line":6,"column":12},"end":{"line":6,"column":39}},"2":{"start":{"line":8,"column":49},"end":{"line":8,"column":83}},"3":{"start":{"line":9,"column":30},"end":{"line":9,"column":65}},"4":{"start":{"line":10,"column":31},"end":{"line":10,"column":63}},"5":{"start":{"line":12,"column":19},"end":{"line":12,"column":56}},"6":{"start":{"line":19,"column":25},"end":{"line":19,"column":71}},"7":{"start":{"line":19,"column":39},"end":{"line":19,"column":71}},"8":{"start":{"line":25,"column":23},"end":{"line":31,"column":1}},"9":{"start":{"line":26,"column":41},"end":{"line":26,"column":65}},"10":{"start":{"line":27,"column":2},"end":{"line":27,"column":66}},"11":{"start":{"line":27,"column":13},"end":{"line":27,"column":66}},"12":{"start":{"line":28,"column":2},"end":{"line":28,"column":62}},"13":{"start":{"line":28,"column":19},"end":{"line":28,"column":62}},"14":{"start":{"line":29,"column":2},"end":{"line":29,"column":69}},"15":{"start":{"line":29,"column":14},"end":{"line":29,"column":69}},"16":{"start":{"line":30,"column":2},"end":{"line":30,"column":45}},"17":{"start":{"line":38,"column":22},"end":{"line":57,"column":1}},"18":{"start":{"line":39,"column":21},"end":{"line":39,"column":47}},"19":{"start":{"line":40,"column":21},"end":{"line":40,"column":65}},"20":{"start":{"line":43,"column":2},"end":{"line":45,"column":3}},"21":{"start":{"line":44,"column":4},"end":{"line":44,"column":70}},"22":{"start":{"line":48,"column":19},"end":{"line":48,"column":64}},"23":{"start":{"line":49,"column":2},"end":{"line":51,"column":3}},"24":{"start":{"line":50,"column":4},"end":{"line":50,"column":66}},"25":{"start":{"line":54,"column":2},"end":{"line":56,"column":3}},"26":{"start":{"line":55,"column":4},"end":{"line":55,"column":74}},"27":{"start":{"line":65,"column":23},"end":{"line":107,"column":1}},"28":{"start":{"line":66,"column":21},"end":{"line":66,"column":47}},"29":{"start":{"line":67,"column":22},"end":{"line":67,"column":49}},"30":{"start":{"line":68,"column":21},"end":{"line":68,"column":40}},"31":{"start":{"line":71,"column":2},"end":{"line":73,"column":3}},"32":{"start":{"line":72,"column":4},"end":{"line":72,"column":70}},"33":{"start":{"line":76,"column":19},"end":{"line":76,"column":62}},"34":{"start":{"line":77,"column":2},"end":{"line":79,"column":3}},"35":{"start":{"line":78,"column":4},"end":{"line":78,"column":66}},"36":{"start":{"line":81,"column":20},"end":{"line":81,"column":35}},"37":{"start":{"line":82,"column":21},"end":{"line":82,"column":31}},"38":{"start":{"line":84,"column":2},"end":{"line":103,"column":3}},"39":{"start":{"line":86,"column":4},"end":{"line":86,"column":59}},"40":{"start":{"line":87,"column":4},"end":{"line":87,"column":86}},"41":{"start":{"line":90,"column":22},"end":{"line":90,"column":40}},"42":{"start":{"line":91,"column":4},"end":{"line":99,"column":5}},"43":{"start":{"line":92,"column":24},"end":{"line":92,"column":91}},"44":{"start":{"line":93,"column":6},"end":{"line":97,"column":9}},"45":{"start":{"line":98,"column":6},"end":{"line":98,"column":74}},"46":{"start":{"line":101,"column":4},"end":{"line":101,"column":47}},"47":{"start":{"line":102,"column":4},"end":{"line":102,"column":62}},"48":{"start":{"line":105,"column":2},"end":{"line":105,"column":59}},"49":{"start":{"line":106,"column":2},"end":{"line":106,"column":46}},"50":{"start":{"line":115,"column":24},"end":{"line":152,"column":1}},"51":{"start":{"line":116,"column":21},"end":{"line":116,"column":47}},"52":{"start":{"line":117,"column":22},"end":{"line":117,"column":49}},"53":{"start":{"line":118,"column":25},"end":{"line":118,"column":33}},"54":{"start":{"line":121,"column":19},"end":{"line":121,"column":64}},"55":{"start":{"line":122,"column":2},"end":{"line":124,"column":3}},"56":{"start":{"line":123,"column":4},"end":{"line":123,"column":81}},"57":{"start":{"line":125,"column":2},"end":{"line":127,"column":3}},"58":{"start":{"line":126,"column":4},"end":{"line":126,"column":90}},"59":{"start":{"line":130,"column":14},"end":{"line":130,"column":24}},"60":{"start":{"line":131,"column":21},"end":{"line":138,"column":3}},"61":{"start":{"line":141,"column":2},"end":{"line":141,"column":58}},"62":{"start":{"line":144,"column":24},"end":{"line":144,"column":69}},"63":{"start":{"line":145,"column":2},"end":{"line":145,"column":103}},"64":{"start":{"line":147,"column":2},"end":{"line":147,"column":97}},"65":{"start":{"line":148,"column":2},"end":{"line":151,"column":4}},"66":{"start":{"line":159,"column":28},"end":{"line":189,"column":1}},"67":{"start":{"line":160,"column":21},"end":{"line":160,"column":47}},"68":{"start":{"line":161,"column":21},"end":{"line":161,"column":41}},"69":{"start":{"line":162,"column":17},"end":{"line":162,"column":33}},"70":{"start":{"line":165,"column":2},"end":{"line":167,"column":3}},"71":{"start":{"line":166,"column":4},"end":{"line":166,"column":70}},"72":{"start":{"line":168,"column":2},"end":{"line":170,"column":3}},"73":{"start":{"line":169,"column":4},"end":{"line":169,"column":66}},"74":{"start":{"line":173,"column":19},"end":{"line":173,"column":64}},"75":{"start":{"line":174,"column":2},"end":{"line":176,"column":3}},"76":{"start":{"line":175,"column":4},"end":{"line":175,"column":67}},"77":{"start":{"line":177,"column":2},"end":{"line":179,"column":3}},"78":{"start":{"line":178,"column":4},"end":{"line":178,"column":74}},"79":{"start":{"line":180,"column":2},"end":{"line":182,"column":3}},"80":{"start":{"line":181,"column":4},"end":{"line":181,"column":84}},"81":{"start":{"line":185,"column":15},"end":{"line":185,"column":52}},"82":{"start":{"line":186,"column":2},"end":{"line":188,"column":3}},"83":{"start":{"line":187,"column":4},"end":{"line":187,"column":63}},"84":{"start":{"line":196,"column":24},"end":{"line":228,"column":1}},"85":{"start":{"line":197,"column":21},"end":{"line":197,"column":47}},"86":{"start":{"line":198,"column":22},"end":{"line":198,"column":49}},"87":{"start":{"line":199,"column":33},"end":{"line":199,"column":47}},"88":{"start":{"line":201,"column":2},"end":{"line":227,"column":5}},"89":{"start":{"line":202,"column":21},"end":{"line":202,"column":75}},"90":{"start":{"line":204,"column":4},"end":{"line":207,"column":5}},"91":{"start":{"line":205,"column":6},"end":{"line":205,"column":72}},"92":{"start":{"line":206,"column":6},"end":{"line":206,"column":68}},"93":{"start":{"line":209,"column":24},"end":{"line":209,"column":50}},"94":{"start":{"line":210,"column":4},"end":{"line":210,"column":60}},"95":{"start":{"line":212,"column":4},"end":{"line":219,"column":6}},"96":{"start":{"line":221,"column":4},"end":{"line":226,"column":7}},"97":{"start":{"line":236,"column":30},"end":{"line":314,"column":1}},"98":{"start":{"line":237,"column":21},"end":{"line":237,"column":47}},"99":{"start":{"line":238,"column":22},"end":{"line":238,"column":49}},"100":{"start":{"line":239,"column":61},"end":{"line":239,"column":75}},"101":{"start":{"line":242,"column":2},"end":{"line":244,"column":3}},"102":{"start":{"line":243,"column":4},"end":{"line":243,"column":70}},"103":{"start":{"line":245,"column":2},"end":{"line":247,"column":3}},"104":{"start":{"line":246,"column":4},"end":{"line":246,"column":65}},"105":{"start":{"line":248,"column":2},"end":{"line":250,"column":3}},"106":{"start":{"line":249,"column":4},"end":{"line":249,"column":71}},"107":{"start":{"line":251,"column":2},"end":{"line":253,"column":3}},"108":{"start":{"line":252,"column":4},"end":{"line":252,"column":64}},"109":{"start":{"line":256,"column":25},"end":{"line":256,"column":68}},"110":{"start":{"line":257,"column":2},"end":{"line":259,"column":3}},"111":{"start":{"line":258,"column":4},"end":{"line":258,"column":73}},"112":{"start":{"line":261,"column":2},"end":{"line":313,"column":3}},"113":{"start":{"line":263,"column":24},"end":{"line":269,"column":5}},"114":{"start":{"line":270,"column":4},"end":{"line":270,"column":47}},"115":{"start":{"line":271,"column":4},"end":{"line":271,"column":68}},"116":{"start":{"line":274,"column":21},"end":{"line":274,"column":43}},"117":{"start":{"line":275,"column":24},"end":{"line":275,"column":52}},"118":{"start":{"line":276,"column":26},"end":{"line":290,"column":5}},"119":{"start":{"line":292,"column":4},"end":{"line":292,"column":51}},"120":{"start":{"line":293,"column":4},"end":{"line":293,"column":65}},"121":{"start":{"line":296,"column":27},"end":{"line":296,"column":72}},"122":{"start":{"line":297,"column":4},"end":{"line":300,"column":5}},"123":{"start":{"line":298,"column":6},"end":{"line":298,"column":73}},"124":{"start":{"line":299,"column":6},"end":{"line":299,"column":60}},"125":{"start":{"line":301,"column":4},"end":{"line":301,"column":88}},"126":{"start":{"line":304,"column":4},"end":{"line":304,"column":74}},"127":{"start":{"line":306,"column":4},"end":{"line":309,"column":6}},"128":{"start":{"line":311,"column":4},"end":{"line":311,"column":54}},"129":{"start":{"line":312,"column":4},"end":{"line":312,"column":62}},"130":{"start":{"line":317,"column":0},"end":{"line":327,"column":2}}},"fnMap":{"0":{"name":"(anonymous_0)","decl":{"start":{"line":19,"column":25},"end":{"line":19,"column":26}},"loc":{"start":{"line":19,"column":39},"end":{"line":19,"column":71}},"line":19},"1":{"name":"(anonymous_1)","decl":{"start":{"line":25,"column":23},"end":{"line":25,"column":24}},"loc":{"start":{"line":25,"column":32},"end":{"line":31,"column":1}},"line":25},"2":{"name":"(anonymous_2)","decl":{"start":{"line":38,"column":22},"end":{"line":38,"column":23}},"loc":{"start":{"line":38,"column":47},"end":{"line":57,"column":1}},"line":38},"3":{"name":"(anonymous_3)","decl":{"start":{"line":65,"column":23},"end":{"line":65,"column":24}},"loc":{"start":{"line":65,"column":48},"end":{"line":107,"column":1}},"line":65},"4":{"name":"(anonymous_4)","decl":{"start":{"line":115,"column":24},"end":{"line":115,"column":25}},"loc":{"start":{"line":115,"column":49},"end":{"line":152,"column":1}},"line":115},"5":{"name":"(anonymous_5)","decl":{"start":{"line":159,"column":28},"end":{"line":159,"column":29}},"loc":{"start":{"line":159,"column":53},"end":{"line":189,"column":1}},"line":159},"6":{"name":"(anonymous_6)","decl":{"start":{"line":196,"column":24},"end":{"line":196,"column":25}},"loc":{"start":{"line":196,"column":49},"end":{"line":228,"column":1}},"line":196},"7":{"name":"(anonymous_7)","decl":{"start":{"line":201,"column":14},"end":{"line":201,"column":15}},"loc":{"start":{"line":201,"column":28},"end":{"line":227,"column":3}},"line":201},"8":{"name":"(anonymous_8)","decl":{"start":{"line":236,"column":30},"end":{"line":236,"column":31}},"loc":{"start":{"line":236,"column":55},"end":{"line":314,"column":1}},"line":236}},"branchMap":{"0":{"loc":{"start":{"line":26,"column":41},"end":{"line":26,"column":65}},"type":"binary-expr","locations":[{"start":{"line":26,"column":41},"end":{"line":26,"column":59}},{"start":{"line":26,"column":63},"end":{"line":26,"column":65}}],"line":26},"1":{"loc":{"start":{"line":27,"column":2},"end":{"line":27,"column":66}},"type":"if","locations":[{"start":{"line":27,"column":2},"end":{"line":27,"column":66}},{"start":{},"end":{}}],"line":27},"2":{"loc":{"start":{"line":28,"column":2},"end":{"line":28,"column":62}},"type":"if","locations":[{"start":{"line":28,"column":2},"end":{"line":28,"column":62}},{"start":{},"end":{}}],"line":28},"3":{"loc":{"start":{"line":29,"column":2},"end":{"line":29,"column":69}},"type":"if","locations":[{"start":{"line":29,"column":2},"end":{"line":29,"column":69}},{"start":{},"end":{}}],"line":29},"4":{"loc":{"start":{"line":40,"column":21},"end":{"line":40,"column":65}},"type":"binary-expr","locations":[{"start":{"line":40,"column":21},"end":{"line":40,"column":41}},{"start":{"line":40,"column":45},"end":{"line":40,"column":65}}],"line":40},"5":{"loc":{"start":{"line":43,"column":2},"end":{"line":45,"column":3}},"type":"if","locations":[{"start":{"line":43,"column":2},"end":{"line":45,"column":3}},{"start":{},"end":{}}],"line":43},"6":{"loc":{"start":{"line":49,"column":2},"end":{"line":51,"column":3}},"type":"if","locations":[{"start":{"line":49,"column":2},"end":{"line":51,"column":3}},{"start":{},"end":{}}],"line":49},"7":{"loc":{"start":{"line":54,"column":2},"end":{"line":56,"column":3}},"type":"if","locations":[{"start":{"line":54,"column":2},"end":{"line":56,"column":3}},{"start":{},"end":{}}],"line":54},"8":{"loc":{"start":{"line":71,"column":2},"end":{"line":73,"column":3}},"type":"if","locations":[{"start":{"line":71,"column":2},"end":{"line":73,"column":3}},{"start":{},"end":{}}],"line":71},"9":{"loc":{"start":{"line":77,"column":2},"end":{"line":79,"column":3}},"type":"if","locations":[{"start":{"line":77,"column":2},"end":{"line":79,"column":3}},{"start":{},"end":{}}],"line":77},"10":{"loc":{"start":{"line":91,"column":4},"end":{"line":99,"column":5}},"type":"if","locations":[{"start":{"line":91,"column":4},"end":{"line":99,"column":5}},{"start":{},"end":{}}],"line":91},"11":{"loc":{"start":{"line":122,"column":2},"end":{"line":124,"column":3}},"type":"if","locations":[{"start":{"line":122,"column":2},"end":{"line":124,"column":3}},{"start":{},"end":{}}],"line":122},"12":{"loc":{"start":{"line":125,"column":2},"end":{"line":127,"column":3}},"type":"if","locations":[{"start":{"line":125,"column":2},"end":{"line":127,"column":3}},{"start":{},"end":{}}],"line":125},"13":{"loc":{"start":{"line":165,"column":2},"end":{"line":167,"column":3}},"type":"if","locations":[{"start":{"line":165,"column":2},"end":{"line":167,"column":3}},{"start":{},"end":{}}],"line":165},"14":{"loc":{"start":{"line":168,"column":2},"end":{"line":170,"column":3}},"type":"if","locations":[{"start":{"line":168,"column":2},"end":{"line":170,"column":3}},{"start":{},"end":{}}],"line":168},"15":{"loc":{"start":{"line":174,"column":2},"end":{"line":176,"column":3}},"type":"if","locations":[{"start":{"line":174,"column":2},"end":{"line":176,"column":3}},{"start":{},"end":{}}],"line":174},"16":{"loc":{"start":{"line":177,"column":2},"end":{"line":179,"column":3}},"type":"if","locations":[{"start":{"line":177,"column":2},"end":{"line":179,"column":3}},{"start":{},"end":{}}],"line":177},"17":{"loc":{"start":{"line":180,"column":2},"end":{"line":182,"column":3}},"type":"if","locations":[{"start":{"line":180,"column":2},"end":{"line":182,"column":3}},{"start":{},"end":{}}],"line":180},"18":{"loc":{"start":{"line":186,"column":2},"end":{"line":188,"column":3}},"type":"if","locations":[{"start":{"line":186,"column":2},"end":{"line":188,"column":3}},{"start":{},"end":{}}],"line":186},"19":{"loc":{"start":{"line":199,"column":33},"end":{"line":199,"column":47}},"type":"binary-expr","locations":[{"start":{"line":199,"column":33},"end":{"line":199,"column":41}},{"start":{"line":199,"column":45},"end":{"line":199,"column":47}}],"line":199},"20":{"loc":{"start":{"line":204,"column":4},"end":{"line":207,"column":5}},"type":"if","locations":[{"start":{"line":204,"column":4},"end":{"line":207,"column":5}},{"start":{},"end":{}}],"line":204},"21":{"loc":{"start":{"line":217,"column":6},"end":{"line":217,"column":23}},"type":"binary-expr","locations":[{"start":{"line":217,"column":6},"end":{"line":217,"column":17}},{"start":{"line":217,"column":21},"end":{"line":217,"column":23}}],"line":217},"22":{"loc":{"start":{"line":239,"column":61},"end":{"line":239,"column":75}},"type":"binary-expr","locations":[{"start":{"line":239,"column":61},"end":{"line":239,"column":69}},{"start":{"line":239,"column":73},"end":{"line":239,"column":75}}],"line":239},"23":{"loc":{"start":{"line":242,"column":2},"end":{"line":244,"column":3}},"type":"if","locations":[{"start":{"line":242,"column":2},"end":{"line":244,"column":3}},{"start":{},"end":{}}],"line":242},"24":{"loc":{"start":{"line":245,"column":2},"end":{"line":247,"column":3}},"type":"if","locations":[{"start":{"line":245,"column":2},"end":{"line":247,"column":3}},{"start":{},"end":{}}],"line":245},"25":{"loc":{"start":{"line":248,"column":2},"end":{"line":250,"column":3}},"type":"if","locations":[{"start":{"line":248,"column":2},"end":{"line":250,"column":3}},{"start":{},"end":{}}],"line":248},"26":{"loc":{"start":{"line":251,"column":2},"end":{"line":253,"column":3}},"type":"if","locations":[{"start":{"line":251,"column":2},"end":{"line":253,"column":3}},{"start":{},"end":{}}],"line":251},"27":{"loc":{"start":{"line":257,"column":2},"end":{"line":259,"column":3}},"type":"if","locations":[{"start":{"line":257,"column":2},"end":{"line":259,"column":3}},{"start":{},"end":{}}],"line":257},"28":{"loc":{"start":{"line":268,"column":19},"end":{"line":268,"column":35}},"type":"binary-expr","locations":[{"start":{"line":268,"column":19},"end":{"line":268,"column":27}},{"start":{"line":268,"column":31},"end":{"line":268,"column":35}}],"line":268},"29":{"loc":{"start":{"line":297,"column":4},"end":{"line":300,"column":5}},"type":"if","locations":[{"start":{"line":297,"column":4},"end":{"line":300,"column":5}},{"start":{},"end":{}}],"line":297}},"s":{"0":1,"1":1,"2":1,"3":1,"4":1,"5":1,"6":1,"7":8,"8":1,"9":0,"10":0,"11":0,"12":0,"13":0,"14":0,"15":0,"16":0,"17":1,"18":3,"19":3,"20":3,"21":1,"22":2,"23":2,"24":1,"25":1,"26":0,"27":1,"28":2,"29":2,"30":2,"31":2,"32":1,"33":1,"34":1,"35":0,"36":1,"37":1,"38":1,"39":1,"40":1,"41":1,"42":1,"43":1,"44":1,"45":1,"46":0,"47":0,"48":1,"49":1,"50":1,"51":3,"52":3,"53":3,"54":3,"55":3,"56":1,"57":2,"58":1,"59":1,"60":1,"61":1,"62":1,"63":1,"64":1,"65":1,"66":1,"67":0,"68":0,"69":0,"70":0,"71":0,"72":0,"73":0,"74":0,"75":0,"76":0,"77":0,"78":0,"79":0,"80":0,"81":0,"82":0,"83":0,"84":1,"85":0,"86":0,"87":0,"88":0,"89":0,"90":0,"91":0,"92":0,"93":0,"94":0,"95":0,"96":0,"97":1,"98":0,"99":0,"100":0,"101":0,"102":0,"103":0,"104":0,"105":0,"106":0,"107":0,"108":0,"109":0,"110":0,"111":0,"112":0,"113":0,"114":0,"115":0,"116":0,"117":0,"118":0,"119":0,"120":0,"121":0,"122":0,"123":0,"124":0,"125":0,"126":0,"127":0,"128":0,"129":0,"130":1},"f":{"0":8,"1":0,"2":3,"3":2,"4":3,"5":0,"6":0,"7":0,"8":0},"b":{"0":[0,0],"1":[0,0],"2":[0,0],"3":[0,0],"4":[3,1],"5":[1,2],"6":[1,1],"7":[0,1],"8":[1,1],"9":[0,1],"10":[1,0],"11":[1,2],"12":[1,1],"13":[0,0],"14":[0,0],"15":[0,0],"16":[0,0],"17":[0,0],"18":[0,0],"19":[0,0],"20":[0,0],"21":[0,0],"22":[0,0],"23":[0,0],"24":[0,0],"25":[0,0],"26":[0,0],"27":[0,0],"28":[0,0],"29":[0,0]},"_coverageSchema":"1a1c01bbd47fc00a2c39e90264f33305004495a9","hash":"f5566ee2bee7537698fceae6a55fdb9b23c9c9ce"}
}
