TN:
SF:srv\config\sla-config.js
FNF:0
FNH:0
DA:1,2
LF:1
LH:1
BRF:0
BRH:0
end_of_record
TN:
SF:srv\incident-service\incident-service.js
FN:12,(anonymous_0)
FN:15,(anonymous_1)
FN:16,(anonymous_2)
FN:17,(anonymous_3)
FN:18,(anonymous_4)
FN:19,(anonymous_5)
FN:20,(anonymous_6)
FN:21,(anonymous_7)
FN:22,(anonymous_8)
FNF:9
FNH:7
FNDA:1,(anonymous_0)
FNDA:0,(anonymous_1)
FNDA:3,(anonymous_2)
FNDA:2,(anonymous_3)
FNDA:3,(anonymous_4)
FNDA:5,(anonymous_5)
FNDA:3,(anonymous_6)
FNDA:8,(anonymous_7)
FNDA:0,(anonymous_8)
DA:5,1
DA:7,1
DA:8,1
DA:13,1
DA:15,1
DA:16,3
DA:17,2
DA:18,3
DA:19,5
DA:20,3
DA:21,8
DA:22,1
DA:24,1
DA:28,1
LF:14
LH:14
BRF:0
BRH:0
end_of_record
TN:
SF:srv\incident-service\lib\incident-logic.js
FN:16,(anonymous_0)
FN:22,(anonymous_1)
FN:30,(anonymous_2)
FN:50,(anonymous_3)
FN:102,(anonymous_4)
FN:155,(anonymous_5)
FN:189,(anonymous_6)
FN:219,(anonymous_7)
FNF:8
FNH:7
FNDA:26,(anonymous_0)
FNDA:0,(anonymous_1)
FNDA:6,(anonymous_2)
FNDA:4,(anonymous_3)
FNDA:6,(anonymous_4)
FNDA:12,(anonymous_5)
FNDA:5,(anonymous_6)
FNDA:16,(anonymous_7)
DA:5,2
DA:6,2
DA:11,2
DA:12,2
DA:13,2
DA:17,26
DA:18,26
DA:19,26
DA:23,0
DA:24,0
DA:25,0
DA:26,0
DA:27,0
DA:31,6
DA:34,6
DA:35,2
DA:39,4
DA:40,4
DA:41,1
DA:45,3
DA:46,0
DA:51,4
DA:54,4
DA:55,1
DA:59,3
DA:60,3
DA:61,0
DA:64,3
DA:65,3
DA:67,3
DA:69,3
DA:70,3
DA:80,3
DA:81,3
DA:82,3
DA:86,3
DA:91,3
DA:94,0
DA:95,0
DA:98,3
DA:99,3
DA:103,6
DA:106,6
DA:107,6
DA:108,2
DA:113,4
DA:114,2
DA:121,2
DA:122,2
DA:132,2
DA:135,2
DA:136,2
DA:145,2
DA:149,2
DA:156,12
DA:157,12
DA:160,12
DA:161,1
DA:163,11
DA:164,1
DA:168,10
DA:169,10
DA:170,2
DA:172,8
DA:173,1
DA:175,7
DA:176,2
DA:183,5
DA:184,5
DA:185,1
DA:190,5
DA:192,5
DA:194,5
DA:195,1
DA:196,1
DA:199,4
DA:200,4
DA:202,4
DA:211,4
DA:220,16
DA:223,16
DA:224,1
DA:226,15
DA:227,1
DA:229,14
DA:230,1
DA:232,13
DA:233,1
DA:237,12
DA:238,12
DA:239,5
DA:242,7
DA:244,7
DA:251,7
DA:252,6
DA:255,6
DA:256,6
DA:257,6
DA:273,6
DA:274,6
DA:277,6
DA:278,6
DA:279,1
DA:280,1
DA:282,5
DA:288,5
DA:290,5
DA:295,2
DA:296,2
DA:301,2
LF:110
LH:101
BRDA:23,0,0,0
BRDA:23,0,1,0
BRDA:24,1,0,0
BRDA:24,1,1,0
BRDA:25,2,0,0
BRDA:25,2,1,0
BRDA:26,3,0,0
BRDA:26,3,1,0
BRDA:31,4,0,6
BRDA:31,4,1,2
BRDA:34,5,0,2
BRDA:34,5,1,4
BRDA:40,6,0,1
BRDA:40,6,1,3
BRDA:45,7,0,0
BRDA:45,7,1,3
BRDA:54,8,0,1
BRDA:54,8,1,3
BRDA:60,9,0,0
BRDA:60,9,1,3
BRDA:81,10,0,3
BRDA:81,10,1,0
BRDA:107,11,0,2
BRDA:107,11,1,4
BRDA:113,12,0,2
BRDA:113,12,1,2
BRDA:160,13,0,1
BRDA:160,13,1,11
BRDA:163,14,0,1
BRDA:163,14,1,10
BRDA:169,15,0,2
BRDA:169,15,1,8
BRDA:172,16,0,1
BRDA:172,16,1,7
BRDA:175,17,0,2
BRDA:175,17,1,5
BRDA:184,18,0,1
BRDA:184,18,1,4
BRDA:190,19,0,5
BRDA:190,19,1,0
BRDA:194,20,0,1
BRDA:194,20,1,4
BRDA:207,21,0,4
BRDA:207,21,1,4
BRDA:220,22,0,16
BRDA:220,22,1,0
BRDA:223,23,0,1
BRDA:223,23,1,15
BRDA:226,24,0,1
BRDA:226,24,1,14
BRDA:229,25,0,1
BRDA:229,25,1,13
BRDA:232,26,0,1
BRDA:232,26,1,12
BRDA:238,27,0,5
BRDA:238,27,1,7
BRDA:249,28,0,7
BRDA:249,28,1,4
BRDA:278,29,0,1
BRDA:278,29,1,5
BRF:60
BRH:47
end_of_record
TN:
SF:srv\incident-service\lib\incident-repository.js
FN:8,(anonymous_0)
FN:25,(anonymous_1)
FN:36,(anonymous_2)
FN:47,(anonymous_3)
FN:59,(anonymous_4)
FN:74,(anonymous_5)
FN:85,(anonymous_6)
FN:96,(anonymous_7)
FN:112,(anonymous_8)
FN:126,(anonymous_9)
FN:141,(anonymous_10)
FN:155,(anonymous_11)
FNF:12
FNH:10
FNDA:1,(anonymous_0)
FNDA:18,(anonymous_1)
FNDA:10,(anonymous_2)
FNDA:3,(anonymous_3)
FNDA:0,(anonymous_4)
FNDA:4,(anonymous_5)
FNDA:4,(anonymous_6)
FNDA:2,(anonymous_7)
FNDA:2,(anonymous_8)
FNDA:1,(anonymous_9)
FNDA:0,(anonymous_10)
FNDA:3,(anonymous_11)
DA:5,1
DA:9,1
DA:10,1
DA:11,1
DA:12,1
DA:13,1
DA:26,18
DA:37,10
DA:48,3
DA:60,0
DA:75,4
DA:86,4
DA:97,2
DA:113,2
DA:127,1
DA:142,0
DA:156,3
DA:164,1
LF:18
LH:16
BRF:0
BRH:0
end_of_record
TN:
SF:srv\incident-service\lib\jobs.js
FN:19,(anonymous_0)
FN:29,runScheduledJob
FN:34,(anonymous_2)
FN:53,cleanupClosedIncidents
FN:70,setSLAProperties
FN:121,UpdateSlaStatus
FNF:6
FNH:0
FNDA:0,(anonymous_0)
FNDA:0,runScheduledJob
FNDA:0,(anonymous_2)
FNDA:0,cleanupClosedIncidents
FNDA:0,setSLAProperties
FNDA:0,UpdateSlaStatus
DA:5,1
DA:6,1
DA:8,1
DA:19,1
DA:20,0
DA:30,0
DA:33,0
DA:34,0
DA:35,0
DA:36,0
DA:37,0
DA:40,0
DA:42,0
DA:54,0
DA:56,0
DA:62,0
DA:63,0
DA:71,0
DA:72,0
DA:74,0
DA:80,0
DA:81,0
DA:83,0
DA:84,0
DA:89,0
DA:92,0
DA:93,0
DA:98,0
DA:101,0
DA:102,0
DA:103,0
DA:104,0
DA:107,0
DA:114,0
DA:122,0
DA:123,0
DA:124,0
DA:126,0
DA:127,0
DA:128,0
DA:129,0
DA:131,0
LF:42
LH:4
BRDA:83,0,0,0
BRDA:83,0,1,0
BRDA:92,1,0,0
BRDA:92,1,1,0
BRDA:92,2,0,0
BRDA:92,2,1,0
BRDA:102,3,0,0
BRDA:102,3,1,0
BRDA:102,4,0,0
BRDA:102,4,1,0
BRDA:102,4,2,0
BRDA:126,5,0,0
BRDA:126,5,1,0
BRDA:128,6,0,0
BRDA:128,6,1,0
BRF:15
BRH:0
end_of_record
TN:
SF:srv\report-service\report-service.js
FN:11,(anonymous_0)
FN:14,(anonymous_1)
FN:15,(anonymous_2)
FN:16,(anonymous_3)
FNF:4
FNH:1
FNDA:1,(anonymous_0)
FNDA:0,(anonymous_1)
FNDA:0,(anonymous_2)
FNDA:0,(anonymous_3)
DA:4,1
DA:5,1
DA:7,1
DA:12,1
DA:14,1
DA:15,1
DA:16,1
DA:18,1
DA:22,1
LF:9
LH:9
BRF:0
BRH:0
end_of_record
TN:
SF:srv\report-service\lib\report-logic.js
FN:11,(anonymous_0)
FN:15,(anonymous_1)
FN:41,(anonymous_2)
FN:55,(anonymous_3)
FNF:4
FNH:1
FNDA:1,(anonymous_0)
FNDA:0,(anonymous_1)
FNDA:0,(anonymous_2)
FNDA:0,(anonymous_3)
DA:4,1
DA:5,1
DA:6,1
DA:7,1
DA:12,1
DA:13,1
DA:17,0
DA:18,0
DA:19,0
DA:20,0
DA:22,0
DA:24,0
DA:31,0
DA:43,0
DA:45,0
DA:47,0
DA:52,0
DA:57,0
DA:59,0
DA:61,0
DA:66,0
DA:71,1
LF:22
LH:7
BRF:0
BRH:0
end_of_record
TN:
SF:srv\report-service\lib\report-repository.js
FN:4,(anonymous_0)
FN:9,(anonymous_1)
FN:17,(anonymous_2)
FN:25,(anonymous_3)
FN:33,(anonymous_4)
FN:45,(anonymous_5)
FNF:6
FNH:1
FNDA:1,(anonymous_0)
FNDA:0,(anonymous_1)
FNDA:0,(anonymous_2)
FNDA:0,(anonymous_3)
FNDA:0,(anonymous_4)
FNDA:0,(anonymous_5)
DA:1,1
DA:5,1
DA:6,1
DA:10,0
DA:15,0
DA:18,0
DA:23,0
DA:26,0
DA:31,0
DA:34,0
DA:43,0
DA:46,0
DA:55,0
DA:58,1
LF:14
LH:4
BRF:0
BRH:0
end_of_record
TN:
SF:srv\utils\audit-logger.js
FN:12,(anonymous_0)
FN:13,(anonymous_1)
FNF:2
FNH:2
FNDA:2,(anonymous_0)
FNDA:10,(anonymous_1)
DA:4,1
DA:5,1
DA:12,1
DA:13,2
DA:21,10
DA:23,10
DA:24,0
DA:25,0
DA:28,10
DA:37,10
DA:44,1
LF:11
LH:9
BRDA:23,0,0,0
BRDA:23,0,1,10
BRDA:29,1,0,10
BRDA:29,1,1,0
BRDA:30,2,0,10
BRDA:30,2,1,0
BRDA:31,3,0,10
BRDA:31,3,1,0
BRDA:32,4,0,10
BRDA:32,4,1,4
BRDA:33,5,0,10
BRDA:33,5,1,9
BRDA:34,6,0,10
BRDA:34,6,1,4
BRF:14
BRH:10
end_of_record
