TN:
SF:srv/config/sla-config.js
FNF:0
FNH:0
DA:1,3
LF:1
LH:1
BRF:0
BRH:0
end_of_record
TN:
SF:srv/incident-service/incident-service.js
FN:12,(anonymous_0)
FN:15,(anonymous_1)
FN:16,(anonymous_2)
FN:17,(anonymous_3)
FN:18,(anonymous_4)
FN:19,(anonymous_5)
FN:20,(anonymous_6)
FN:21,(anonymous_7)
FN:22,(anonymous_8)
FNF:9
FNH:7
FNDA:2,(anonymous_0)
FNDA:0,(anonymous_1)
FNDA:3,(anonymous_2)
FNDA:2,(anonymous_3)
FNDA:3,(anonymous_4)
FNDA:5,(anonymous_5)
FNDA:3,(anonymous_6)
FNDA:8,(anonymous_7)
FNDA:0,(anonymous_8)
DA:5,2
DA:7,2
DA:8,2
DA:13,2
DA:15,2
DA:16,3
DA:17,2
DA:18,3
DA:19,5
DA:20,3
DA:21,8
DA:22,2
DA:24,2
DA:28,2
LF:14
LH:14
BRF:0
BRH:0
end_of_record
TN:
SF:srv/incident-service/lib/incident-logic.js
FN:14,(anonymous_0)
FN:20,(anonymous_1)
FN:28,(anonymous_2)
FN:48,(anonymous_3)
FN:100,(anonymous_4)
FN:153,(anonymous_5)
FN:187,(anonymous_6)
FN:217,(anonymous_7)
FNF:8
FNH:7
FNDA:27,(anonymous_0)
FNDA:0,(anonymous_1)
FNDA:6,(anonymous_2)
FNDA:4,(anonymous_3)
FNDA:6,(anonymous_4)
FNDA:12,(anonymous_5)
FNDA:5,(anonymous_6)
FNDA:16,(anonymous_7)
DA:5,3
DA:6,3
DA:8,3
DA:9,3
DA:10,3
DA:11,3
DA:15,27
DA:16,27
DA:17,27
DA:21,0
DA:22,0
DA:23,0
DA:24,0
DA:25,0
DA:29,6
DA:32,6
DA:33,2
DA:37,4
DA:38,4
DA:39,1
DA:43,3
DA:44,0
DA:49,4
DA:52,4
DA:53,1
DA:57,3
DA:58,3
DA:59,0
DA:62,3
DA:63,3
DA:65,3
DA:67,3
DA:68,3
DA:78,3
DA:79,3
DA:80,3
DA:84,3
DA:89,3
DA:92,0
DA:93,0
DA:96,3
DA:97,3
DA:101,6
DA:104,6
DA:105,6
DA:106,2
DA:111,4
DA:112,2
DA:119,2
DA:120,2
DA:130,2
DA:133,2
DA:134,2
DA:143,2
DA:147,2
DA:154,12
DA:155,12
DA:158,12
DA:159,1
DA:161,11
DA:162,1
DA:166,10
DA:167,10
DA:168,2
DA:170,8
DA:171,1
DA:173,7
DA:174,2
DA:181,5
DA:182,5
DA:183,1
DA:188,5
DA:190,5
DA:192,5
DA:193,1
DA:194,1
DA:197,4
DA:198,4
DA:200,4
DA:209,4
DA:218,16
DA:221,16
DA:222,1
DA:224,15
DA:225,1
DA:227,14
DA:228,1
DA:230,13
DA:231,1
DA:235,12
DA:236,12
DA:237,5
DA:240,7
DA:242,7
DA:249,7
DA:250,6
DA:253,6
DA:254,6
DA:255,6
DA:271,6
DA:272,6
DA:275,6
DA:276,6
DA:277,1
DA:278,1
DA:280,5
DA:286,5
DA:288,5
DA:293,2
DA:294,2
DA:299,3
LF:111
LH:102
BRDA:21,0,0,0
BRDA:21,0,1,0
BRDA:22,1,0,0
BRDA:22,1,1,0
BRDA:23,2,0,0
BRDA:23,2,1,0
BRDA:24,3,0,0
BRDA:24,3,1,0
BRDA:29,4,0,6
BRDA:29,4,1,2
BRDA:32,5,0,2
BRDA:32,5,1,4
BRDA:38,6,0,1
BRDA:38,6,1,3
BRDA:43,7,0,0
BRDA:43,7,1,3
BRDA:52,8,0,1
BRDA:52,8,1,3
BRDA:58,9,0,0
BRDA:58,9,1,3
BRDA:79,10,0,3
BRDA:79,10,1,0
BRDA:105,11,0,2
BRDA:105,11,1,4
BRDA:111,12,0,2
BRDA:111,12,1,2
BRDA:158,13,0,1
BRDA:158,13,1,11
BRDA:161,14,0,1
BRDA:161,14,1,10
BRDA:167,15,0,2
BRDA:167,15,1,8
BRDA:170,16,0,1
BRDA:170,16,1,7
BRDA:173,17,0,2
BRDA:173,17,1,5
BRDA:182,18,0,1
BRDA:182,18,1,4
BRDA:188,19,0,5
BRDA:188,19,1,0
BRDA:192,20,0,1
BRDA:192,20,1,4
BRDA:205,21,0,4
BRDA:205,21,1,4
BRDA:218,22,0,16
BRDA:218,22,1,0
BRDA:221,23,0,1
BRDA:221,23,1,15
BRDA:224,24,0,1
BRDA:224,24,1,14
BRDA:227,25,0,1
BRDA:227,25,1,13
BRDA:230,26,0,1
BRDA:230,26,1,12
BRDA:236,27,0,5
BRDA:236,27,1,7
BRDA:247,28,0,7
BRDA:247,28,1,4
BRDA:276,29,0,1
BRDA:276,29,1,5
BRF:60
BRH:47
end_of_record
TN:
SF:srv/incident-service/lib/incident-repository.js
FN:8,(anonymous_0)
FN:25,(anonymous_1)
FN:36,(anonymous_2)
FN:47,(anonymous_3)
FN:59,(anonymous_4)
FN:74,(anonymous_5)
FN:85,(anonymous_6)
FN:96,(anonymous_7)
FN:112,(anonymous_8)
FN:126,(anonymous_9)
FN:141,(anonymous_10)
FN:155,(anonymous_11)
FNF:12
FNH:10
FNDA:2,(anonymous_0)
FNDA:18,(anonymous_1)
FNDA:10,(anonymous_2)
FNDA:3,(anonymous_3)
FNDA:0,(anonymous_4)
FNDA:4,(anonymous_5)
FNDA:4,(anonymous_6)
FNDA:2,(anonymous_7)
FNDA:2,(anonymous_8)
FNDA:1,(anonymous_9)
FNDA:0,(anonymous_10)
FNDA:3,(anonymous_11)
DA:5,2
DA:9,2
DA:10,2
DA:11,2
DA:12,2
DA:13,2
DA:26,18
DA:37,10
DA:48,3
DA:60,0
DA:75,4
DA:86,4
DA:97,2
DA:113,2
DA:127,1
DA:142,0
DA:156,3
DA:164,2
LF:18
LH:16
BRF:0
BRH:0
end_of_record
TN:
SF:srv/incident-service/lib/jobs.js
FN:19,(anonymous_0)
FN:29,runScheduledJob
FN:34,(anonymous_2)
FN:53,cleanupClosedIncidents
FN:70,setSLAProperties
FN:121,UpdateSlaStatus
FNF:6
FNH:6
FNDA:2,(anonymous_0)
FNDA:4,runScheduledJob
FNDA:1,(anonymous_2)
FNDA:2,cleanupClosedIncidents
FNDA:7,setSLAProperties
FNDA:9,UpdateSlaStatus
DA:5,4
DA:6,4
DA:8,4
DA:19,4
DA:20,2
DA:30,4
DA:33,4
DA:34,4
DA:35,1
DA:36,1
DA:37,1
DA:40,2
DA:42,4
DA:54,2
DA:56,2
DA:62,2
DA:63,2
DA:71,7
DA:72,7
DA:74,7
DA:80,7
DA:81,5
DA:83,5
DA:84,5
DA:89,5
DA:92,5
DA:93,0
DA:98,0
DA:101,5
DA:102,5
DA:103,0
DA:104,0
DA:107,0
DA:114,7
DA:122,9
DA:123,9
DA:124,9
DA:126,9
DA:127,4
DA:128,5
DA:129,3
DA:131,2
DA:136,4
LF:43
LH:38
BRDA:83,0,0,5
BRDA:83,0,1,0
BRDA:92,1,0,0
BRDA:92,1,1,5
BRDA:92,2,0,5
BRDA:92,2,1,0
BRDA:102,3,0,0
BRDA:102,3,1,5
BRDA:102,4,0,5
BRDA:102,4,1,0
BRDA:102,4,2,0
BRDA:126,5,0,4
BRDA:126,5,1,5
BRDA:128,6,0,3
BRDA:128,6,1,2
BRF:15
BRH:9
end_of_record
TN:
SF:srv/report-service/report-service.js
FN:11,(anonymous_0)
FN:14,(anonymous_1)
FN:15,(anonymous_2)
FN:16,(anonymous_3)
FNF:4
FNH:4
FNDA:2,(anonymous_0)
FNDA:1,(anonymous_1)
FNDA:1,(anonymous_2)
FNDA:1,(anonymous_3)
DA:4,2
DA:5,2
DA:7,2
DA:12,2
DA:14,2
DA:15,2
DA:16,2
DA:18,2
DA:22,2
LF:9
LH:9
BRF:0
BRH:0
end_of_record
TN:
SF:srv/report-service/lib/report-logic.js
FN:10,(anonymous_0)
FN:14,(anonymous_1)
FN:37,(anonymous_2)
FN:57,(anonymous_3)
FNF:4
FNH:4
FNDA:5,(anonymous_0)
FNDA:2,(anonymous_1)
FNDA:2,(anonymous_2)
FNDA:2,(anonymous_3)
DA:4,3
DA:5,3
DA:6,3
DA:7,3
DA:11,5
DA:12,5
DA:15,2
DA:16,2
DA:17,2
DA:18,2
DA:20,2
DA:22,2
DA:29,2
DA:38,2
DA:40,2
DA:49,2
DA:54,2
DA:58,2
DA:60,2
DA:62,2
DA:67,2
DA:71,3
LF:22
LH:22
BRF:0
BRH:0
end_of_record
TN:
SF:srv/report-service/lib/report-repository.js
FN:4,(anonymous_0)
FN:9,(anonymous_1)
FN:17,(anonymous_2)
FN:25,(anonymous_3)
FN:33,(anonymous_4)
FN:45,(anonymous_5)
FNF:6
FNH:6
FNDA:2,(anonymous_0)
FNDA:1,(anonymous_1)
FNDA:1,(anonymous_2)
FNDA:1,(anonymous_3)
FNDA:1,(anonymous_4)
FNDA:1,(anonymous_5)
DA:1,2
DA:5,2
DA:6,2
DA:10,1
DA:15,1
DA:18,1
DA:23,1
DA:26,1
DA:31,1
DA:34,1
DA:43,1
DA:46,1
DA:55,1
DA:58,2
LF:14
LH:14
BRF:0
BRH:0
end_of_record
TN:
SF:srv/utils/audit-logger.js
FN:12,(anonymous_0)
FN:13,(anonymous_1)
FNF:2
FNH:2
FNDA:4,(anonymous_0)
FNDA:13,(anonymous_1)
DA:4,2
DA:5,2
DA:12,2
DA:13,4
DA:21,13
DA:23,13
DA:24,3
DA:25,3
DA:28,10
DA:37,10
DA:44,2
LF:11
LH:11
BRDA:23,0,0,3
BRDA:23,0,1,10
BRDA:29,1,0,10
BRDA:29,1,1,0
BRDA:30,2,0,10
BRDA:30,2,1,0
BRDA:31,3,0,10
BRDA:31,3,1,0
BRDA:32,4,0,10
BRDA:32,4,1,4
BRDA:33,5,0,10
BRDA:33,5,1,9
BRDA:34,6,0,10
BRDA:34,6,1,4
BRF:14
BRH:11
end_of_record
